
**** Clean-only build of configuration Debug for project empty_CC2650STK_TI ****

/home/linuxlite/ti/ccs1040/ccs/utils/bin/gmake -k -j 3 clean -O 
 
rm -rf  "empty_CC2650STK_TI.hex"  "configPkg/linker.cmd" "configPkg/compiler.opt"  "empty_CC2650STK_TI.out" 
rm -rf "CC2650STK.obj" "project_main.obj" "sensors/bmp280.obj" "sensors/hdc1000.obj" "sensors/mpu9250.obj" "sensors/opt3001.obj" "sensors/tmp007.obj" 
rm -rf "CC2650STK.d" "project_main.d" "sensors/bmp280.d" "sensors/hdc1000.d" "sensors/mpu9250.d" "sensors/opt3001.d" "sensors/tmp007.d" 
rm -rf  "configPkg/" 
Finished clean
 

**** Build Finished ****

**** Build of configuration Debug for project empty_CC2650STK_TI ****

/home/linuxlite/ti/ccs1040/ccs/utils/bin/gmake -k -j 3 all -O 
 
Building file: "../empty.cfg"
Invoking: XDCtools
"/home/linuxlite/ti/xdctools_3_32_00_06_core/xs" --xdcpath="/home/linuxlite/ti/tirtos_cc13xx_cc26xx_2_21_01_08/packages;/home/linuxlite/ti/tirtos_cc13xx_cc26xx_2_21_01_08/products/tidrivers_cc13xx_cc26xx_2_21_01_01/packages;/home/linuxlite/ti/tirtos_cc13xx_cc26xx_2_21_01_08/products/bios_6_46_01_38/packages;/home/linuxlite/ti/tirtos_cc13xx_cc26xx_2_21_01_08/products/uia_2_01_00_01/packages;" xdc.tools.configuro -o configPkg -t ti.targets.arm.elf.M3 -p ti.platforms.simplelink:CC2650F128 -r release -c "/home/linuxlite/ti/ccs1040/ccs/tools/compiler/ti-cgt-arm_20.2.5.LTS" --compileOptions "-mv7M3 --code_state=16 --float_support=none -me --include_path=\"/home/linuxlite/workspace_v10/empty_CC2650STK_TI/empty_CC2650STK_TI\" --include_path=\"/home/linuxlite/workspace_v10/empty_CC2650STK_TI/empty_CC2650STK_TI\" --include_path=\"/home/linuxlite/ti/tirtos_cc13xx_cc26xx_2_21_01_08/products/cc26xxware_2_24_03_17272\" --include_path=\"/home/linuxlite/ti/ccs1040/ccs/tools/compiler/ti-cgt-arm_20.2.5.LTS/include\" --define=ccs -g --diag_warning=225 --diag_warning=255 --diag_wrap=off --display_error_number --gen_func_subsections=on --abi=eabi  " "../empty.cfg"
making package.mak (because of package.bld) ...
generating interfaces for package configPkg (because package/package.xdc.inc is older than package.xdc) ...
configuring empty.xem3 from package/cfg/empty_pem3.cfg ...
generating custom ROM library makefile ... 
Starting build of library sources ...
making /home/linuxlite/workspace_v10/empty_CC2650STK_TI/empty_CC2650STK_TI/src/sysbios/rom_sysbios.aem3 ...
gmake[1]: Entering directory `/home/linuxlite/workspace_v10/empty_CC2650STK_TI/empty_CC2650STK_TI/src/sysbios'
clem3 /home/linuxlite/ti/tirtos_cc13xx_cc26xx_2_21_01_08/products/bios_6_46_01_38/packages/ti/sysbios/BIOS.c ...
asmem3 /home/linuxlite/ti/tirtos_cc13xx_cc26xx_2_21_01_08/products/bios_6_46_01_38/packages/ti/sysbios/family/arm/m3/Hwi_asm.sv7M ...
asmem3 /home/linuxlite/ti/tirtos_cc13xx_cc26xx_2_21_01_08/products/bios_6_46_01_38/packages/ti/sysbios/family/arm/m3/Hwi_asm_switch.sv7M ...
asmem3 /home/linuxlite/ti/tirtos_cc13xx_cc26xx_2_21_01_08/products/bios_6_46_01_38/packages/ti/sysbios/family/arm/m3/IntrinsicsSupport_asm.sv7M ...
asmem3 /home/linuxlite/ti/tirtos_cc13xx_cc26xx_2_21_01_08/products/bios_6_46_01_38/packages/ti/sysbios/family/arm/m3/TaskSupport_asm.sv7M ...
arem3 rom_sysbios.obj m3_Hwi_asm.obj m3_Hwi_asm_switch.obj m3_IntrinsicsSupport_asm.obj m3_TaskSupport_asm.obj ...
gmake[1]: Leaving directory `/home/linuxlite/workspace_v10/empty_CC2650STK_TI/empty_CC2650STK_TI/src/sysbios'
Build of libraries done.
clem3 package/cfg/empty_pem3.c ...
"package/cfg/empty_pem3.c", line 7971: warning #112-D: statement is unreachable
Finished building: "../empty.cfg"
 
making ../src/sysbios/rom_sysbios.aem3 ...
gmake[1]: Nothing to be done for 'all'.
Building file: "../sensors/bmp280.c"
Invoking: Arm Compiler
"/home/linuxlite/ti/ccs1040/ccs/tools/compiler/ti-cgt-arm_20.2.5.LTS/bin/armcl" -mv7M3 --code_state=16 --float_support=none -me --include_path="/home/linuxlite/workspace_v10/empty_CC2650STK_TI/empty_CC2650STK_TI" --include_path="/home/linuxlite/workspace_v10/empty_CC2650STK_TI/empty_CC2650STK_TI" --include_path="/home/linuxlite/ti/tirtos_cc13xx_cc26xx_2_21_01_08/products/cc26xxware_2_24_03_17272" --include_path="/home/linuxlite/ti/ccs1040/ccs/tools/compiler/ti-cgt-arm_20.2.5.LTS/include" --define=ccs -g --diag_warning=225 --diag_warning=255 --diag_wrap=off --display_error_number --gen_func_subsections=on --abi=eabi --preproc_with_compile --preproc_dependency="sensors/bmp280.d_raw" --obj_directory="sensors" --cmd_file="configPkg/compiler.opt"  "../sensors/bmp280.c"
Finished building: "../sensors/bmp280.c"
 
Building file: "../project_main.c"
Invoking: Arm Compiler
"/home/linuxlite/ti/ccs1040/ccs/tools/compiler/ti-cgt-arm_20.2.5.LTS/bin/armcl" -mv7M3 --code_state=16 --float_support=none -me --include_path="/home/linuxlite/workspace_v10/empty_CC2650STK_TI/empty_CC2650STK_TI" --include_path="/home/linuxlite/workspace_v10/empty_CC2650STK_TI/empty_CC2650STK_TI" --include_path="/home/linuxlite/ti/tirtos_cc13xx_cc26xx_2_21_01_08/products/cc26xxware_2_24_03_17272" --include_path="/home/linuxlite/ti/ccs1040/ccs/tools/compiler/ti-cgt-arm_20.2.5.LTS/include" --define=ccs -g --diag_warning=225 --diag_warning=255 --diag_wrap=off --display_error_number --gen_func_subsections=on --abi=eabi --preproc_with_compile --preproc_dependency="project_main.d_raw" --cmd_file="configPkg/compiler.opt"  "../project_main.c"
Finished building: "../project_main.c"
 
Building file: "../sensors/hdc1000.c"
Invoking: Arm Compiler
"/home/linuxlite/ti/ccs1040/ccs/tools/compiler/ti-cgt-arm_20.2.5.LTS/bin/armcl" -mv7M3 --code_state=16 --float_support=none -me --include_path="/home/linuxlite/workspace_v10/empty_CC2650STK_TI/empty_CC2650STK_TI" --include_path="/home/linuxlite/workspace_v10/empty_CC2650STK_TI/empty_CC2650STK_TI" --include_path="/home/linuxlite/ti/tirtos_cc13xx_cc26xx_2_21_01_08/products/cc26xxware_2_24_03_17272" --include_path="/home/linuxlite/ti/ccs1040/ccs/tools/compiler/ti-cgt-arm_20.2.5.LTS/include" --define=ccs -g --diag_warning=225 --diag_warning=255 --diag_wrap=off --display_error_number --gen_func_subsections=on --abi=eabi --preproc_with_compile --preproc_dependency="sensors/hdc1000.d_raw" --obj_directory="sensors" --cmd_file="configPkg/compiler.opt"  "../sensors/hdc1000.c"
"../project_main.c", line 181: warning #112-D: statement is unreachable
"../project_main.c", line 37: warning #179-D: variable "sensorState" was declared but never referenced
"../project_main.c", line 42: warning #552-D: variable "GYRO" was set but never used
Finished building: "../sensors/hdc1000.c"
 
Building file: "../CC2650STK.c"
Invoking: Arm Compiler
"/home/linuxlite/ti/ccs1040/ccs/tools/compiler/ti-cgt-arm_20.2.5.LTS/bin/armcl" -mv7M3 --code_state=16 --float_support=none -me --include_path="/home/linuxlite/workspace_v10/empty_CC2650STK_TI/empty_CC2650STK_TI" --include_path="/home/linuxlite/workspace_v10/empty_CC2650STK_TI/empty_CC2650STK_TI" --include_path="/home/linuxlite/ti/tirtos_cc13xx_cc26xx_2_21_01_08/products/cc26xxware_2_24_03_17272" --include_path="/home/linuxlite/ti/ccs1040/ccs/tools/compiler/ti-cgt-arm_20.2.5.LTS/include" --define=ccs -g --diag_warning=225 --diag_warning=255 --diag_wrap=off --display_error_number --gen_func_subsections=on --abi=eabi --preproc_with_compile --preproc_dependency="CC2650STK.d_raw" --cmd_file="configPkg/compiler.opt"  "../CC2650STK.c"
Finished building: "../CC2650STK.c"
 
Building file: "../sensors/opt3001.c"
Invoking: Arm Compiler
"/home/linuxlite/ti/ccs1040/ccs/tools/compiler/ti-cgt-arm_20.2.5.LTS/bin/armcl" -mv7M3 --code_state=16 --float_support=none -me --include_path="/home/linuxlite/workspace_v10/empty_CC2650STK_TI/empty_CC2650STK_TI" --include_path="/home/linuxlite/workspace_v10/empty_CC2650STK_TI/empty_CC2650STK_TI" --include_path="/home/linuxlite/ti/tirtos_cc13xx_cc26xx_2_21_01_08/products/cc26xxware_2_24_03_17272" --include_path="/home/linuxlite/ti/ccs1040/ccs/tools/compiler/ti-cgt-arm_20.2.5.LTS/include" --define=ccs -g --diag_warning=225 --diag_warning=255 --diag_wrap=off --display_error_number --gen_func_subsections=on --abi=eabi --preproc_with_compile --preproc_dependency="sensors/opt3001.d_raw" --obj_directory="sensors" --cmd_file="configPkg/compiler.opt"  "../sensors/opt3001.c"
Finished building: "../sensors/opt3001.c"
 
Building file: "../sensors/tmp007.c"
Invoking: Arm Compiler
"/home/linuxlite/ti/ccs1040/ccs/tools/compiler/ti-cgt-arm_20.2.5.LTS/bin/armcl" -mv7M3 --code_state=16 --float_support=none -me --include_path="/home/linuxlite/workspace_v10/empty_CC2650STK_TI/empty_CC2650STK_TI" --include_path="/home/linuxlite/workspace_v10/empty_CC2650STK_TI/empty_CC2650STK_TI" --include_path="/home/linuxlite/ti/tirtos_cc13xx_cc26xx_2_21_01_08/products/cc26xxware_2_24_03_17272" --include_path="/home/linuxlite/ti/ccs1040/ccs/tools/compiler/ti-cgt-arm_20.2.5.LTS/include" --define=ccs -g --diag_warning=225 --diag_warning=255 --diag_wrap=off --display_error_number --gen_func_subsections=on --abi=eabi --preproc_with_compile --preproc_dependency="sensors/tmp007.d_raw" --obj_directory="sensors" --cmd_file="configPkg/compiler.opt"  "../sensors/tmp007.c"
Finished building: "../sensors/tmp007.c"
 
Building file: "../sensors/mpu9250.c"
Invoking: Arm Compiler
"/home/linuxlite/ti/ccs1040/ccs/tools/compiler/ti-cgt-arm_20.2.5.LTS/bin/armcl" -mv7M3 --code_state=16 --float_support=none -me --include_path="/home/linuxlite/workspace_v10/empty_CC2650STK_TI/empty_CC2650STK_TI" --include_path="/home/linuxlite/workspace_v10/empty_CC2650STK_TI/empty_CC2650STK_TI" --include_path="/home/linuxlite/ti/tirtos_cc13xx_cc26xx_2_21_01_08/products/cc26xxware_2_24_03_17272" --include_path="/home/linuxlite/ti/ccs1040/ccs/tools/compiler/ti-cgt-arm_20.2.5.LTS/include" --define=ccs -g --diag_warning=225 --diag_warning=255 --diag_wrap=off --display_error_number --gen_func_subsections=on --abi=eabi --preproc_with_compile --preproc_dependency="sensors/mpu9250.d_raw" --obj_directory="sensors" --cmd_file="configPkg/compiler.opt"  "../sensors/mpu9250.c"
Finished building: "../sensors/mpu9250.c"
 
making ../src/sysbios/rom_sysbios.aem3 ...
gmake[2]: Nothing to be done for 'all'.
Building target: "empty_CC2650STK_TI.out"
Invoking: Arm Linker
"/home/linuxlite/ti/ccs1040/ccs/tools/compiler/ti-cgt-arm_20.2.5.LTS/bin/armcl" -mv7M3 --code_state=16 --float_support=none -me --define=ccs -g --diag_warning=225 --diag_warning=255 --diag_wrap=off --display_error_number --gen_func_subsections=on --abi=eabi -z -m"empty_CC2650STK_TI.map" --heap_size=0 --stack_size=256 -i"/home/linuxlite/ti/ccs1040/ccs/tools/compiler/ti-cgt-arm_20.2.5.LTS/lib" -i"/home/linuxlite/ti/ccs1040/ccs/tools/compiler/ti-cgt-arm_20.2.5.LTS/include" --reread_libs --diag_wrap=off --display_error_number --warn_sections --xml_link_info="empty_CC2650STK_TI_linkInfo.xml" --rom_model -o "empty_CC2650STK_TI.out" "./CC2650STK.obj" "./project_main.obj" "./sensors/bmp280.obj" "./sensors/hdc1000.obj" "./sensors/mpu9250.obj" "./sensors/opt3001.obj" "./sensors/tmp007.obj" "../CC2650STK.cmd" -l"configPkg/linker.cmd"  -l"/home/linuxlite/ti/tirtos_cc13xx_cc26xx_2_21_01_08/products/cc26xxware_2_24_03_17272/driverlib/bin/ccs/driverlib.lib" -llibc.a 
<Linking>
Finished building target: "empty_CC2650STK_TI.out"
 

**** Build Finished ****

**** Build of configuration Debug for project empty_CC2650STK_TI ****

/home/linuxlite/ti/ccs1040/ccs/utils/bin/gmake -k -j 3 all -O 
 
making ../src/sysbios/rom_sysbios.aem3 ...
gmake[1]: Nothing to be done for 'all'.
making ../src/sysbios/rom_sysbios.aem3 ...
gmake[2]: Nothing to be done for 'all'.

**** Build Finished ****

**** Build of configuration Debug for project empty_CC2650STK_TI ****

/home/linuxlite/ti/ccs1040/ccs/utils/bin/gmake -k -j 3 all -O 
 
making ../src/sysbios/rom_sysbios.aem3 ...
gmake[1]: Nothing to be done for 'all'.
making ../src/sysbios/rom_sysbios.aem3 ...
gmake[2]: Nothing to be done for 'all'.

**** Build Finished ****

**** Build of configuration Debug for project empty_CC2650STK_TI ****

/home/linuxlite/ti/ccs1040/ccs/utils/bin/gmake -k -j 3 all -O 
 
making ../src/sysbios/rom_sysbios.aem3 ...
gmake[1]: Nothing to be done for 'all'.
making ../src/sysbios/rom_sysbios.aem3 ...
gmake[2]: Nothing to be done for 'all'.

**** Build Finished ****

**** Build of configuration Debug for project empty_CC2650STK_TI ****

/home/linuxlite/ti/ccs1040/ccs/utils/bin/gmake -k -j 3 all -O 
 
making ../src/sysbios/rom_sysbios.aem3 ...
gmake[1]: Nothing to be done for 'all'.
Building file: "../project_main.c"
Invoking: Arm Compiler
"/home/linuxlite/ti/ccs1040/ccs/tools/compiler/ti-cgt-arm_20.2.5.LTS/bin/armcl" -mv7M3 --code_state=16 --float_support=none -me --include_path="/home/linuxlite/workspace_v10/empty_CC2650STK_TI/empty_CC2650STK_TI" --include_path="/home/linuxlite/workspace_v10/empty_CC2650STK_TI/empty_CC2650STK_TI" --include_path="/home/linuxlite/ti/tirtos_cc13xx_cc26xx_2_21_01_08/products/cc26xxware_2_24_03_17272" --include_path="/home/linuxlite/ti/ccs1040/ccs/tools/compiler/ti-cgt-arm_20.2.5.LTS/include" --define=ccs -g --diag_warning=225 --diag_warning=255 --diag_wrap=off --display_error_number --gen_func_subsections=on --abi=eabi --preproc_with_compile --preproc_dependency="project_main.d_raw" --cmd_file="configPkg/compiler.opt"  "../project_main.c"
"../project_main.c", line 181: warning #112-D: statement is unreachable
"../project_main.c", line 37: warning #179-D: variable "sensorState" was declared but never referenced
"../project_main.c", line 42: warning #552-D: variable "GYRO" was set but never used
Finished building: "../project_main.c"
 
making ../src/sysbios/rom_sysbios.aem3 ...
gmake[2]: Nothing to be done for 'all'.
Building target: "empty_CC2650STK_TI.out"
Invoking: Arm Linker
"/home/linuxlite/ti/ccs1040/ccs/tools/compiler/ti-cgt-arm_20.2.5.LTS/bin/armcl" -mv7M3 --code_state=16 --float_support=none -me --define=ccs -g --diag_warning=225 --diag_warning=255 --diag_wrap=off --display_error_number --gen_func_subsections=on --abi=eabi -z -m"empty_CC2650STK_TI.map" --heap_size=0 --stack_size=256 -i"/home/linuxlite/ti/ccs1040/ccs/tools/compiler/ti-cgt-arm_20.2.5.LTS/lib" -i"/home/linuxlite/ti/ccs1040/ccs/tools/compiler/ti-cgt-arm_20.2.5.LTS/include" --reread_libs --diag_wrap=off --display_error_number --warn_sections --xml_link_info="empty_CC2650STK_TI_linkInfo.xml" --rom_model -o "empty_CC2650STK_TI.out" "./CC2650STK.obj" "./project_main.obj" "./sensors/bmp280.obj" "./sensors/hdc1000.obj" "./sensors/mpu9250.obj" "./sensors/opt3001.obj" "./sensors/tmp007.obj" "../CC2650STK.cmd" -l"configPkg/linker.cmd"  -l"/home/linuxlite/ti/tirtos_cc13xx_cc26xx_2_21_01_08/products/cc26xxware_2_24_03_17272/driverlib/bin/ccs/driverlib.lib" -llibc.a 
<Linking>
Finished building target: "empty_CC2650STK_TI.out"
 

**** Build Finished ****

**** Build of configuration Debug for project empty_CC2650STK_TI ****

/home/linuxlite/ti/ccs1040/ccs/utils/bin/gmake -k -j 3 all -O 
 
making ../src/sysbios/rom_sysbios.aem3 ...
gmake[1]: Nothing to be done for 'all'.
making ../src/sysbios/rom_sysbios.aem3 ...
gmake[2]: Nothing to be done for 'all'.

**** Build Finished ****

**** Build of configuration Debug for project empty_CC2650STK_TI ****

/home/linuxlite/ti/ccs1040/ccs/utils/bin/gmake -k -j 3 all -O 
 
making ../src/sysbios/rom_sysbios.aem3 ...
gmake[1]: Nothing to be done for 'all'.
making ../src/sysbios/rom_sysbios.aem3 ...
gmake[2]: Nothing to be done for 'all'.

**** Build Finished ****

**** Build of configuration Debug for project empty_CC2650STK_TI ****

/home/linuxlite/ti/ccs1040/ccs/utils/bin/gmake -k -j 3 all -O 
 
making ../src/sysbios/rom_sysbios.aem3 ...
gmake[1]: Nothing to be done for 'all'.
making ../src/sysbios/rom_sysbios.aem3 ...
gmake[2]: Nothing to be done for 'all'.

**** Build Finished ****

**** Build of configuration Debug for project empty_CC2650STK_TI ****

/home/linuxlite/ti/ccs1040/ccs/utils/bin/gmake -k -j 3 all -O 
 
making ../src/sysbios/rom_sysbios.aem3 ...
gmake[1]: Nothing to be done for 'all'.
making ../src/sysbios/rom_sysbios.aem3 ...
gmake[2]: Nothing to be done for 'all'.

**** Build Finished ****

**** Build of configuration Debug for project empty_CC2650STK_TI ****

/home/linuxlite/ti/ccs1040/ccs/utils/bin/gmake -k -j 3 all -O 
 
making ../src/sysbios/rom_sysbios.aem3 ...
gmake[1]: Nothing to be done for 'all'.
making ../src/sysbios/rom_sysbios.aem3 ...
gmake[2]: Nothing to be done for 'all'.

**** Build Finished ****

**** Build of configuration Debug for project empty_CC2650STK_TI ****

/home/linuxlite/ti/ccs1040/ccs/utils/bin/gmake -k -j 3 all -O 
 
making ../src/sysbios/rom_sysbios.aem3 ...
gmake[1]: Nothing to be done for 'all'.
Building file: "../project_main.c"
Invoking: Arm Compiler
"/home/linuxlite/ti/ccs1040/ccs/tools/compiler/ti-cgt-arm_20.2.5.LTS/bin/armcl" -mv7M3 --code_state=16 --float_support=none -me --include_path="/home/linuxlite/workspace_v10/empty_CC2650STK_TI/empty_CC2650STK_TI" --include_path="/home/linuxlite/workspace_v10/empty_CC2650STK_TI/empty_CC2650STK_TI" --include_path="/home/linuxlite/ti/tirtos_cc13xx_cc26xx_2_21_01_08/products/cc26xxware_2_24_03_17272" --include_path="/home/linuxlite/ti/ccs1040/ccs/tools/compiler/ti-cgt-arm_20.2.5.LTS/include" --define=ccs -g --diag_warning=225 --diag_warning=255 --diag_wrap=off --display_error_number --gen_func_subsections=on --abi=eabi --preproc_with_compile --preproc_dependency="project_main.d_raw" --cmd_file="configPkg/compiler.opt"  "../project_main.c"
 
>> Compilation failure
subdir_rules.mk:7: recipe for target 'project_main.obj' failed
"../project_main.c", line 44: error #20: identifier "I2CCC26XX_I2CPinCfg" is undefined
"../project_main.c", line 88: error #29: expected an expression
"../project_main.c", line 88: error #20: identifier "i" is undefined
"../project_main.c", line 91: warning #225-D: function "play_morse_with_buzzer" declared implicitly
"../project_main.c", line 93: error #20: identifier "Clock_tickPeriod" is undefined
"../project_main.c", line 112: error #20: identifier "Clock_tickPeriod" is undefined
"../project_main.c", line 124: warning #225-D: function "interpret_morse" declared implicitly
"../project_main.c", line 154: warning #112-D: statement is unreachable
"../project_main.c", line 117: warning #179-D: variable "wordIndex" was declared but never referenced
"../project_main.c", line 157: warning #161-D: declaration is incompatible with previous "interpret_morse" (declared at line 124)
"../project_main.c", line 168: warning #161-D: declaration is incompatible with previous "play_morse_with_buzzer" (declared at line 91)
"../project_main.c", line 169: error #29: expected an expression
"../project_main.c", line 169: error #20: identifier "i" is undefined
"../project_main.c", line 173: error #29: expected an expression
"../project_main.c", line 173: error #20: identifier "j" is undefined
"../project_main.c", line 176: error #20: identifier "Clock_tickPeriod" is undefined
"../project_main.c", line 180: error #20: identifier "Clock_tickPeriod" is undefined
"../project_main.c", line 183: error #20: identifier "Clock_tickPeriod" is undefined
"../project_main.c", line 185: error #20: identifier "Clock_tickPeriod" is undefined
"../project_main.c", line 187: error #20: identifier "Clock_tickPeriod" is undefined
"../project_main.c", line 24: warning #552-D: variable "GYRO" was set but never used
14 errors detected in the compilation of "../project_main.c".
gmake: *** [project_main.obj] Error 1
gmake: Target 'all' not remade because of errors.

**** Build Finished ****

**** Build of configuration Debug for project empty_CC2650STK_TI ****

/home/linuxlite/ti/ccs1040/ccs/utils/bin/gmake -k -j 3 all -O 
 
making ../src/sysbios/rom_sysbios.aem3 ...
gmake[1]: Nothing to be done for 'all'.
Building file: "../project_main.c"
Invoking: Arm Compiler
"/home/linuxlite/ti/ccs1040/ccs/tools/compiler/ti-cgt-arm_20.2.5.LTS/bin/armcl" -mv7M3 --code_state=16 --float_support=none -me --include_path="/home/linuxlite/workspace_v10/empty_CC2650STK_TI/empty_CC2650STK_TI" --include_path="/home/linuxlite/workspace_v10/empty_CC2650STK_TI/empty_CC2650STK_TI" --include_path="/home/linuxlite/ti/tirtos_cc13xx_cc26xx_2_21_01_08/products/cc26xxware_2_24_03_17272" --include_path="/home/linuxlite/ti/ccs1040/ccs/tools/compiler/ti-cgt-arm_20.2.5.LTS/include" --define=ccs -g --diag_warning=225 --diag_warning=255 --diag_wrap=off --display_error_number --gen_func_subsections=on --abi=eabi --preproc_with_compile --preproc_dependency="project_main.d_raw" --cmd_file="configPkg/compiler.opt"  "../project_main.c"
 
>> Compilation failure
subdir_rules.mk:7: recipe for target 'project_main.obj' failed
"../project_main.c", line 100: error #29: expected an expression
"../project_main.c", line 100: error #20: identifier "i" is undefined
"../project_main.c", line 101: warning #225-D: function "toupper" declared implicitly
"../project_main.c", line 103: warning #225-D: function "play_morse_with_buzzer" declared implicitly
"../project_main.c", line 136: warning #225-D: function "interpret_morse" declared implicitly
"../project_main.c", line 166: warning #112-D: statement is unreachable
"../project_main.c", line 129: warning #179-D: variable "wordIndex" was declared but never referenced
"../project_main.c", line 169: warning #161-D: declaration is incompatible with previous "interpret_morse" (declared at line 136)
"../project_main.c", line 180: warning #161-D: declaration is incompatible with previous "play_morse_with_buzzer" (declared at line 103)
"../project_main.c", line 181: error #29: expected an expression
"../project_main.c", line 181: error #20: identifier "i" is undefined
"../project_main.c", line 185: error #29: expected an expression
"../project_main.c", line 185: error #20: identifier "j" is undefined
"../project_main.c", line 36: warning #552-D: variable "GYRO" was set but never used
6 errors detected in the compilation of "../project_main.c".
gmake: *** [project_main.obj] Error 1
gmake: Target 'all' not remade because of errors.

**** Build Finished ****

**** Build of configuration Debug for project empty_CC2650STK_TI ****

/home/linuxlite/ti/ccs1040/ccs/utils/bin/gmake -k -j 3 all -O 
 
making ../src/sysbios/rom_sysbios.aem3 ...
gmake[1]: Nothing to be done for 'all'.
Building file: "../project_main.c"
Invoking: Arm Compiler
"/home/linuxlite/ti/ccs1040/ccs/tools/compiler/ti-cgt-arm_20.2.5.LTS/bin/armcl" -mv7M3 --code_state=16 --float_support=none -me --include_path="/home/linuxlite/workspace_v10/empty_CC2650STK_TI/empty_CC2650STK_TI" --include_path="/home/linuxlite/workspace_v10/empty_CC2650STK_TI/empty_CC2650STK_TI" --include_path="/home/linuxlite/ti/tirtos_cc13xx_cc26xx_2_21_01_08/products/cc26xxware_2_24_03_17272" --include_path="/home/linuxlite/ti/ccs1040/ccs/tools/compiler/ti-cgt-arm_20.2.5.LTS/include" --define=ccs -g --diag_warning=225 --diag_warning=255 --diag_wrap=off --display_error_number --gen_func_subsections=on --abi=eabi --preproc_with_compile --preproc_dependency="project_main.d_raw" --cmd_file="configPkg/compiler.opt"  "../project_main.c"
 
>> Compilation failure
subdir_rules.mk:7: recipe for target 'project_main.obj' failed
"../project_main.c", line 100: error #29: expected an expression
"../project_main.c", line 100: error #20: identifier "i" is undefined
"../project_main.c", line 101: warning #225-D: function "toupper" declared implicitly
"../project_main.c", line 103: warning #225-D: function "play_morse_with_buzzer" declared implicitly
"../project_main.c", line 136: warning #225-D: function "interpret_morse" declared implicitly
"../project_main.c", line 166: warning #112-D: statement is unreachable
"../project_main.c", line 129: warning #179-D: variable "wordIndex" was declared but never referenced
"../project_main.c", line 169: warning #161-D: declaration is incompatible with previous "interpret_morse" (declared at line 136)
"../project_main.c", line 180: warning #161-D: declaration is incompatible with previous "play_morse_with_buzzer" (declared at line 103)
"../project_main.c", line 181: error #29: expected an expression
"../project_main.c", line 181: error #20: identifier "i" is undefined
"../project_main.c", line 185: error #29: expected an expression
"../project_main.c", line 185: error #20: identifier "j" is undefined
"../project_main.c", line 36: warning #552-D: variable "GYRO" was set but never used
6 errors detected in the compilation of "../project_main.c".
gmake: *** [project_main.obj] Error 1
gmake: Target 'all' not remade because of errors.

**** Build Finished ****

**** Build of configuration Debug for project empty_CC2650STK_TI ****

/home/linuxlite/ti/ccs1040/ccs/utils/bin/gmake -k -j 3 all -O 
 
making ../src/sysbios/rom_sysbios.aem3 ...
gmake[1]: Nothing to be done for 'all'.
Building file: "../project_main.c"
Invoking: Arm Compiler
"/home/linuxlite/ti/ccs1040/ccs/tools/compiler/ti-cgt-arm_20.2.5.LTS/bin/armcl" -mv7M3 --code_state=16 --float_support=none -me --include_path="/home/linuxlite/workspace_v10/empty_CC2650STK_TI/empty_CC2650STK_TI" --include_path="/home/linuxlite/workspace_v10/empty_CC2650STK_TI/empty_CC2650STK_TI" --include_path="/home/linuxlite/ti/tirtos_cc13xx_cc26xx_2_21_01_08/products/cc26xxware_2_24_03_17272" --include_path="/home/linuxlite/ti/ccs1040/ccs/tools/compiler/ti-cgt-arm_20.2.5.LTS/include" --define=ccs -g --diag_warning=225 --diag_warning=255 --diag_wrap=off --display_error_number --gen_func_subsections=on --abi=eabi --preproc_with_compile --preproc_dependency="project_main.d_raw" --cmd_file="configPkg/compiler.opt"  "../project_main.c"
 
>> Compilation failure
subdir_rules.mk:7: recipe for target 'project_main.obj' failed
"../project_main.c", line 100: error #29: expected an expression
"../project_main.c", line 100: error #20: identifier "i" is undefined
"../project_main.c", line 101: warning #225-D: function "toupper" declared implicitly
"../project_main.c", line 103: warning #225-D: function "play_morse_with_buzzer" declared implicitly
"../project_main.c", line 108: error #66: expected a ";"
"../project_main.c", line 129: warning #12-D: parsing restarts here after previous syntax error
"../project_main.c", line 132: error #20: identifier "i2cMPU" is undefined
"../project_main.c", line 132: error #20: identifier "ax" is undefined
"../project_main.c", line 132: error #20: identifier "ay" is undefined
"../project_main.c", line 132: error #20: identifier "az" is undefined
"../project_main.c", line 132: error #20: identifier "gx" is undefined
"../project_main.c", line 132: error #20: identifier "gy" is undefined
"../project_main.c", line 132: error #20: identifier "gz" is undefined
"../project_main.c", line 135: warning #225-D: function "interpret_morse" declared implicitly
"../project_main.c", line 138: error #20: identifier "i" is undefined
"../project_main.c", line 154: error #20: identifier "spaceCount" is undefined
"../project_main.c", line 155: error #20: identifier "currentWord" is undefined
"../project_main.c", line 131: warning #129-D: loop is not reachable
"../project_main.c", line 165: warning #112-D: statement is unreachable
"../project_main.c", line 165: error #20: identifier "i2cMPU" is undefined
"../project_main.c", line 168: warning #161-D: declaration is incompatible with previous "interpret_morse" (declared at line 135)
"../project_main.c", line 179: warning #161-D: declaration is incompatible with previous "play_morse_with_buzzer" (declared at line 103)
"../project_main.c", line 180: error #29: expected an expression
"../project_main.c", line 180: error #20: identifier "i" is undefined
"../project_main.c", line 184: error #29: expected an expression
"../project_main.c", line 184: error #20: identifier "j" is undefined
"../project_main.c", line 236: warning #679-D: using out-of-scope declaration of function "sensorTaskFxn" (declared at line 108)
"../project_main.c", line 56: warning #179-D: variable "i2cMPUCfg" was declared but never referenced
18 errors detected in the compilation of "../project_main.c".
gmake: *** [project_main.obj] Error 1
gmake: Target 'all' not remade because of errors.

**** Build Finished ****

**** Build of configuration Debug for project empty_CC2650STK_TI ****

/home/linuxlite/ti/ccs1040/ccs/utils/bin/gmake -k -j 3 all -O 
 
making ../src/sysbios/rom_sysbios.aem3 ...
gmake[1]: Nothing to be done for 'all'.
Building file: "../project_main.c"
Invoking: Arm Compiler
"/home/linuxlite/ti/ccs1040/ccs/tools/compiler/ti-cgt-arm_20.2.5.LTS/bin/armcl" -mv7M3 --code_state=16 --float_support=none -me --include_path="/home/linuxlite/workspace_v10/empty_CC2650STK_TI/empty_CC2650STK_TI" --include_path="/home/linuxlite/workspace_v10/empty_CC2650STK_TI/empty_CC2650STK_TI" --include_path="/home/linuxlite/ti/tirtos_cc13xx_cc26xx_2_21_01_08/products/cc26xxware_2_24_03_17272" --include_path="/home/linuxlite/ti/ccs1040/ccs/tools/compiler/ti-cgt-arm_20.2.5.LTS/include" --define=ccs -g --diag_warning=225 --diag_warning=255 --diag_wrap=off --display_error_number --gen_func_subsections=on --abi=eabi --preproc_with_compile --preproc_dependency="project_main.d_raw" --cmd_file="configPkg/compiler.opt"  "../project_main.c"
 
>> Compilation failure
subdir_rules.mk:7: recipe for target 'project_main.obj' failed
"../project_main.c", line 100: error #29: expected an expression
"../project_main.c", line 100: error #20: identifier "i" is undefined
"../project_main.c", line 101: warning #225-D: function "toupper" declared implicitly
"../project_main.c", line 103: warning #225-D: function "play_morse_with_buzzer" declared implicitly
"../project_main.c", line 108: error #66: expected a ";"
"../project_main.c", line 129: warning #12-D: parsing restarts here after previous syntax error
"../project_main.c", line 132: error #20: identifier "i2cMPU" is undefined
"../project_main.c", line 132: error #20: identifier "ax" is undefined
"../project_main.c", line 132: error #20: identifier "ay" is undefined
"../project_main.c", line 132: error #20: identifier "az" is undefined
"../project_main.c", line 132: error #20: identifier "gx" is undefined
"../project_main.c", line 132: error #20: identifier "gy" is undefined
"../project_main.c", line 132: error #20: identifier "gz" is undefined
"../project_main.c", line 135: warning #225-D: function "interpret_morse" declared implicitly
"../project_main.c", line 138: error #20: identifier "i" is undefined
"../project_main.c", line 154: error #20: identifier "spaceCount" is undefined
"../project_main.c", line 155: error #20: identifier "currentWord" is undefined
"../project_main.c", line 131: warning #129-D: loop is not reachable
"../project_main.c", line 165: warning #112-D: statement is unreachable
"../project_main.c", line 165: error #20: identifier "i2cMPU" is undefined
"../project_main.c", line 168: warning #161-D: declaration is incompatible with previous "interpret_morse" (declared at line 135)
"../project_main.c", line 179: warning #161-D: declaration is incompatible with previous "play_morse_with_buzzer" (declared at line 103)
"../project_main.c", line 180: error #29: expected an expression
"../project_main.c", line 180: error #20: identifier "i" is undefined
"../project_main.c", line 184: error #29: expected an expression
"../project_main.c", line 184: error #20: identifier "j" is undefined
"../project_main.c", line 236: warning #679-D: using out-of-scope declaration of function "sensorTaskFxn" (declared at line 108)
"../project_main.c", line 56: warning #179-D: variable "i2cMPUCfg" was declared but never referenced
18 errors detected in the compilation of "../project_main.c".
gmake: *** [project_main.obj] Error 1
gmake: Target 'all' not remade because of errors.

**** Build Finished ****

**** Build of configuration Debug for project empty_CC2650STK_TI ****

/home/linuxlite/ti/ccs1040/ccs/utils/bin/gmake -k -j 3 all -O 
 
making ../src/sysbios/rom_sysbios.aem3 ...
gmake[1]: Nothing to be done for 'all'.
Building file: "../project_main.c"
Invoking: Arm Compiler
"/home/linuxlite/ti/ccs1040/ccs/tools/compiler/ti-cgt-arm_20.2.5.LTS/bin/armcl" -mv7M3 --code_state=16 --float_support=none -me --include_path="/home/linuxlite/workspace_v10/empty_CC2650STK_TI/empty_CC2650STK_TI" --include_path="/home/linuxlite/workspace_v10/empty_CC2650STK_TI/empty_CC2650STK_TI" --include_path="/home/linuxlite/ti/tirtos_cc13xx_cc26xx_2_21_01_08/products/cc26xxware_2_24_03_17272" --include_path="/home/linuxlite/ti/ccs1040/ccs/tools/compiler/ti-cgt-arm_20.2.5.LTS/include" --define=ccs -g --diag_warning=225 --diag_warning=255 --diag_wrap=off --display_error_number --gen_func_subsections=on --abi=eabi --preproc_with_compile --preproc_dependency="project_main.d_raw" --cmd_file="configPkg/compiler.opt"  "../project_main.c"
 
>> Compilation failure
subdir_rules.mk:7: recipe for target 'project_main.obj' failed
"../project_main.c", line 91: error #29: expected an expression
"../project_main.c", line 91: error #20: identifier "i" is undefined
"../project_main.c", line 92: warning #225-D: function "toupper" declared implicitly
"../project_main.c", line 94: warning #225-D: function "play_morse_with_buzzer" declared implicitly
"../project_main.c", line 127: warning #225-D: function "interpret_morse" declared implicitly
"../project_main.c", line 159: warning #112-D: statement is unreachable
"../project_main.c", line 120: warning #179-D: variable "wordIndex" was declared but never referenced
"../project_main.c", line 162: error #161: declaration is incompatible with previous "interpret_morse" (declared at line 127)
"../project_main.c", line 162: error #71: incomplete type is not allowed
At end of source: error #66: expected a ";"
"../project_main.c", line 27: warning #552-D: variable "GYRO" was set but never used
"../project_main.c", line 28: warning #179-D: variable "buttonHandle" was declared but never referenced
"../project_main.c", line 29: warning #179-D: variable "buttonState" was declared but never referenced
"../project_main.c", line 29: warning #179-D: variable "ledState" was declared but never referenced
"../project_main.c", line 29: warning #179-D: variable "MpuPinState" was declared but never referenced
"../project_main.c", line 42: warning #179-D: variable "MpuPinConfig" was declared but never referenced
5 errors detected in the compilation of "../project_main.c".
gmake: *** [project_main.obj] Error 1
gmake: Target 'all' not remade because of errors.

**** Build Finished ****

**** Build of configuration Debug for project empty_CC2650STK_TI ****

/home/linuxlite/ti/ccs1040/ccs/utils/bin/gmake -k -j 3 all -O 
 
making ../src/sysbios/rom_sysbios.aem3 ...
gmake[1]: Nothing to be done for 'all'.
Building file: "../project_main.c"
Invoking: Arm Compiler
"/home/linuxlite/ti/ccs1040/ccs/tools/compiler/ti-cgt-arm_20.2.5.LTS/bin/armcl" -mv7M3 --code_state=16 --float_support=none -me --include_path="/home/linuxlite/workspace_v10/empty_CC2650STK_TI/empty_CC2650STK_TI" --include_path="/home/linuxlite/workspace_v10/empty_CC2650STK_TI/empty_CC2650STK_TI" --include_path="/home/linuxlite/ti/tirtos_cc13xx_cc26xx_2_21_01_08/products/cc26xxware_2_24_03_17272" --include_path="/home/linuxlite/ti/ccs1040/ccs/tools/compiler/ti-cgt-arm_20.2.5.LTS/include" --define=ccs -g --diag_warning=225 --diag_warning=255 --diag_wrap=off --display_error_number --gen_func_subsections=on --abi=eabi --preproc_with_compile --preproc_dependency="project_main.d_raw" --cmd_file="configPkg/compiler.opt"  "../project_main.c"
 
>> Compilation failure
subdir_rules.mk:7: recipe for target 'project_main.obj' failed
"../project_main.c", line 91: error #29: expected an expression
"../project_main.c", line 91: error #20: identifier "i" is undefined
"../project_main.c", line 92: warning #225-D: function "toupper" declared implicitly
"../project_main.c", line 94: warning #225-D: function "play_morse_with_buzzer" declared implicitly
"../project_main.c", line 127: warning #225-D: function "interpret_morse" declared implicitly
"../project_main.c", line 159: warning #112-D: statement is unreachable
"../project_main.c", line 120: warning #179-D: variable "wordIndex" was declared but never referenced
"../project_main.c", line 162: warning #161-D: declaration is incompatible with previous "interpret_morse" (declared at line 127)
"../project_main.c", line 174: warning #161-D: declaration is incompatible with previous "play_morse_with_buzzer" (declared at line 94)
"../project_main.c", line 175: error #29: expected an expression
"../project_main.c", line 175: error #20: identifier "i" is undefined
"../project_main.c", line 179: error #29: expected an expression
"../project_main.c", line 179: error #20: identifier "j" is undefined
"../project_main.c", line 27: warning #552-D: variable "GYRO" was set but never used
6 errors detected in the compilation of "../project_main.c".
gmake: *** [project_main.obj] Error 1
gmake: Target 'all' not remade because of errors.

**** Build Finished ****

**** Build of configuration Debug for project empty_CC2650STK_TI ****

/home/linuxlite/ti/ccs1040/ccs/utils/bin/gmake -k -j 3 all -O 
 
Building file: "../project_main.c"
Invoking: Arm Compiler
"/home/linuxlite/ti/ccs1040/ccs/tools/compiler/ti-cgt-arm_20.2.5.LTS/bin/armcl" -mv7M3 --code_state=16 --float_support=none -me --include_path="/home/linuxlite/workspace_v10/empty_CC2650STK_TI/empty_CC2650STK_TI" --include_path="/home/linuxlite/workspace_v10/empty_CC2650STK_TI/empty_CC2650STK_TI" --include_path="/home/linuxlite/ti/tirtos_cc13xx_cc26xx_2_21_01_08/products/cc26xxware_2_24_03_17272" --include_path="/home/linuxlite/ti/ccs1040/ccs/tools/compiler/ti-cgt-arm_20.2.5.LTS/include" --define=ccs -g --diag_warning=225 --diag_warning=255 --diag_wrap=off --display_error_number --gen_func_subsections=on --abi=eabi --preproc_with_compile --preproc_dependency="project_main.d_raw" --cmd_file="configPkg/compiler.opt"  "../project_main.c"
 
>> Compilation failure
subdir_rules.mk:7: recipe for target 'project_main.obj' failed
"../project_main.c", line 96: error #29: expected an expression
"../project_main.c", line 96: error #20: identifier "i" is undefined
"../project_main.c", line 145: warning #112-D: statement is unreachable
"../project_main.c", line 125: warning #179-D: variable "wordIndex" was declared but never referenced
"../project_main.c", line 161: error #29: expected an expression
"../project_main.c", line 161: error #20: identifier "i" is undefined
"../project_main.c", line 165: error #29: expected an expression
"../project_main.c", line 165: error #20: identifier "j" is undefined
6 errors detected in the compilation of "../project_main.c".
gmake: *** [project_main.obj] Error 1
making ../src/sysbios/rom_sysbios.aem3 ...
gmake[1]: Nothing to be done for 'all'.
gmake: Target 'all' not remade because of errors.

**** Build Finished ****

**** Build of configuration Debug for project empty_CC2650STK_TI ****

/home/linuxlite/ti/ccs1040/ccs/utils/bin/gmake -k -j 3 all -O 
 
making ../src/sysbios/rom_sysbios.aem3 ...
gmake[1]: Nothing to be done for 'all'.
Building file: "../project_main.c"
Invoking: Arm Compiler
"/home/linuxlite/ti/ccs1040/ccs/tools/compiler/ti-cgt-arm_20.2.5.LTS/bin/armcl" -mv7M3 --code_state=16 --float_support=none -me --include_path="/home/linuxlite/workspace_v10/empty_CC2650STK_TI/empty_CC2650STK_TI" --include_path="/home/linuxlite/workspace_v10/empty_CC2650STK_TI/empty_CC2650STK_TI" --include_path="/home/linuxlite/ti/tirtos_cc13xx_cc26xx_2_21_01_08/products/cc26xxware_2_24_03_17272" --include_path="/home/linuxlite/ti/ccs1040/ccs/tools/compiler/ti-cgt-arm_20.2.5.LTS/include" --define=ccs -g --diag_warning=225 --diag_warning=255 --diag_wrap=off --display_error_number --gen_func_subsections=on --abi=eabi --preproc_with_compile --preproc_dependency="project_main.d_raw" --cmd_file="configPkg/compiler.opt"  "../project_main.c"
 
>> Compilation failure
subdir_rules.mk:7: recipe for target 'project_main.obj' failed
"../project_main.c", line 96: error #29: expected an expression
"../project_main.c", line 96: error #20: identifier "i" is undefined
"../project_main.c", line 145: warning #112-D: statement is unreachable
"../project_main.c", line 125: warning #179-D: variable "wordIndex" was declared but never referenced
"../project_main.c", line 161: error #29: expected an expression
"../project_main.c", line 161: error #20: identifier "i" is undefined
"../project_main.c", line 165: error #29: expected an expression
"../project_main.c", line 165: error #20: identifier "j" is undefined
6 errors detected in the compilation of "../project_main.c".
gmake: *** [project_main.obj] Error 1
gmake: Target 'all' not remade because of errors.

**** Build Finished ****

**** Build of configuration Debug for project empty_CC2650STK_TI ****

/home/linuxlite/ti/ccs1040/ccs/utils/bin/gmake -k -j 3 all -O 
 
making ../src/sysbios/rom_sysbios.aem3 ...
gmake[1]: Nothing to be done for 'all'.
Building file: "../project_main.c"
Invoking: Arm Compiler
"/home/linuxlite/ti/ccs1040/ccs/tools/compiler/ti-cgt-arm_20.2.5.LTS/bin/armcl" -mv7M3 --code_state=16 --float_support=none -me --include_path="/home/linuxlite/workspace_v10/empty_CC2650STK_TI/empty_CC2650STK_TI" --include_path="/home/linuxlite/workspace_v10/empty_CC2650STK_TI/empty_CC2650STK_TI" --include_path="/home/linuxlite/ti/tirtos_cc13xx_cc26xx_2_21_01_08/products/cc26xxware_2_24_03_17272" --include_path="/home/linuxlite/ti/ccs1040/ccs/tools/compiler/ti-cgt-arm_20.2.5.LTS/include" --define=ccs -g --diag_warning=225 --diag_warning=255 --diag_wrap=off --display_error_number --gen_func_subsections=on --abi=eabi --preproc_with_compile --preproc_dependency="project_main.d_raw" --cmd_file="configPkg/compiler.opt"  "../project_main.c"
 
>> Compilation failure
subdir_rules.mk:7: recipe for target 'project_main.obj' failed
"../project_main.c", line 96: error #29: expected an expression
"../project_main.c", line 96: error #20: identifier "i" is undefined
"../project_main.c", line 145: warning #112-D: statement is unreachable
"../project_main.c", line 125: warning #179-D: variable "wordIndex" was declared but never referenced
"../project_main.c", line 161: error #29: expected an expression
"../project_main.c", line 161: error #20: identifier "i" is undefined
"../project_main.c", line 165: error #29: expected an expression
"../project_main.c", line 165: error #20: identifier "j" is undefined
6 errors detected in the compilation of "../project_main.c".
gmake: *** [project_main.obj] Error 1
gmake: Target 'all' not remade because of errors.

**** Build Finished ****

**** Build of configuration Debug for project empty_CC2650STK_TI ****

/home/linuxlite/ti/ccs1040/ccs/utils/bin/gmake -k -j 3 all -O 
 
making ../src/sysbios/rom_sysbios.aem3 ...
gmake[1]: Nothing to be done for 'all'.
Building file: "../project_main.c"
Invoking: Arm Compiler
"/home/linuxlite/ti/ccs1040/ccs/tools/compiler/ti-cgt-arm_20.2.5.LTS/bin/armcl" -mv7M3 --code_state=16 --float_support=none -me --include_path="/home/linuxlite/workspace_v10/empty_CC2650STK_TI/empty_CC2650STK_TI" --include_path="/home/linuxlite/workspace_v10/empty_CC2650STK_TI/empty_CC2650STK_TI" --include_path="/home/linuxlite/ti/tirtos_cc13xx_cc26xx_2_21_01_08/products/cc26xxware_2_24_03_17272" --include_path="/home/linuxlite/ti/ccs1040/ccs/tools/compiler/ti-cgt-arm_20.2.5.LTS/include" --define=ccs -g --diag_warning=225 --diag_warning=255 --diag_wrap=off --display_error_number --gen_func_subsections=on --abi=eabi --preproc_with_compile --preproc_dependency="project_main.d_raw" --cmd_file="configPkg/compiler.opt"  "../project_main.c"
 
>> Compilation failure
subdir_rules.mk:7: recipe for target 'project_main.obj' failed
"../project_main.c", line 96: error #29: expected an expression
"../project_main.c", line 96: error #20: identifier "i" is undefined
"../project_main.c", line 145: warning #112-D: statement is unreachable
"../project_main.c", line 125: warning #179-D: variable "wordIndex" was declared but never referenced
"../project_main.c", line 161: error #29: expected an expression
"../project_main.c", line 161: error #20: identifier "i" is undefined
"../project_main.c", line 165: error #29: expected an expression
"../project_main.c", line 165: error #20: identifier "j" is undefined
6 errors detected in the compilation of "../project_main.c".
gmake: *** [project_main.obj] Error 1
gmake: Target 'all' not remade because of errors.

**** Build Finished ****

**** Build of configuration Debug for project empty_CC2650STK_TI ****

/home/linuxlite/ti/ccs1040/ccs/utils/bin/gmake -k -j 3 all -O 
 
making ../src/sysbios/rom_sysbios.aem3 ...
gmake[1]: Nothing to be done for 'all'.
Building file: "../project_main.c"
Invoking: Arm Compiler
"/home/linuxlite/ti/ccs1040/ccs/tools/compiler/ti-cgt-arm_20.2.5.LTS/bin/armcl" -mv7M3 --code_state=16 --float_support=none -me --include_path="/home/linuxlite/workspace_v10/empty_CC2650STK_TI/empty_CC2650STK_TI" --include_path="/home/linuxlite/workspace_v10/empty_CC2650STK_TI/empty_CC2650STK_TI" --include_path="/home/linuxlite/ti/tirtos_cc13xx_cc26xx_2_21_01_08/products/cc26xxware_2_24_03_17272" --include_path="/home/linuxlite/ti/ccs1040/ccs/tools/compiler/ti-cgt-arm_20.2.5.LTS/include" --define=ccs -g --diag_warning=225 --diag_warning=255 --diag_wrap=off --display_error_number --gen_func_subsections=on --abi=eabi --preproc_with_compile --preproc_dependency="project_main.d_raw" --cmd_file="configPkg/compiler.opt"  "../project_main.c"
 
>> Compilation failure
subdir_rules.mk:7: recipe for target 'project_main.obj' failed
"../project_main.c", line 96: error #29: expected an expression
"../project_main.c", line 96: error #20: identifier "i" is undefined
"../project_main.c", line 145: warning #112-D: statement is unreachable
"../project_main.c", line 125: warning #179-D: variable "wordIndex" was declared but never referenced
"../project_main.c", line 161: error #29: expected an expression
"../project_main.c", line 161: error #20: identifier "i" is undefined
"../project_main.c", line 165: error #29: expected an expression
"../project_main.c", line 165: error #20: identifier "j" is undefined
6 errors detected in the compilation of "../project_main.c".
gmake: *** [project_main.obj] Error 1
gmake: Target 'all' not remade because of errors.

**** Build Finished ****

**** Build of configuration Debug for project empty_CC2650STK_TI ****

/home/linuxlite/ti/ccs1040/ccs/utils/bin/gmake -k -j 3 all -O 
 
making ../src/sysbios/rom_sysbios.aem3 ...
gmake[1]: Nothing to be done for 'all'.
Building file: "../project_main.c"
Invoking: Arm Compiler
"/home/linuxlite/ti/ccs1040/ccs/tools/compiler/ti-cgt-arm_20.2.5.LTS/bin/armcl" -mv7M3 --code_state=16 --float_support=none -me --include_path="/home/linuxlite/workspace_v10/empty_CC2650STK_TI/empty_CC2650STK_TI" --include_path="/home/linuxlite/workspace_v10/empty_CC2650STK_TI/empty_CC2650STK_TI" --include_path="/home/linuxlite/ti/tirtos_cc13xx_cc26xx_2_21_01_08/products/cc26xxware_2_24_03_17272" --include_path="/home/linuxlite/ti/ccs1040/ccs/tools/compiler/ti-cgt-arm_20.2.5.LTS/include" --define=ccs -g --diag_warning=225 --diag_warning=255 --diag_wrap=off --display_error_number --gen_func_subsections=on --abi=eabi --preproc_with_compile --preproc_dependency="project_main.d_raw" --cmd_file="configPkg/compiler.opt"  "../project_main.c"
 
>> Compilation failure
subdir_rules.mk:7: recipe for target 'project_main.obj' failed
"../project_main.c", line 96: error #29: expected an expression
"../project_main.c", line 96: error #20: identifier "i" is undefined
"../project_main.c", line 145: warning #112-D: statement is unreachable
"../project_main.c", line 125: warning #179-D: variable "wordIndex" was declared but never referenced
2 errors detected in the compilation of "../project_main.c".
gmake: *** [project_main.obj] Error 1
gmake: Target 'all' not remade because of errors.

**** Build Finished ****

**** Build of configuration Debug for project empty_CC2650STK_TI ****

/home/linuxlite/ti/ccs1040/ccs/utils/bin/gmake -k -j 3 all -O 
 
making ../src/sysbios/rom_sysbios.aem3 ...
gmake[1]: Nothing to be done for 'all'.
Building file: "../project_main.c"
Invoking: Arm Compiler
"/home/linuxlite/ti/ccs1040/ccs/tools/compiler/ti-cgt-arm_20.2.5.LTS/bin/armcl" -mv7M3 --code_state=16 --float_support=none -me --include_path="/home/linuxlite/workspace_v10/empty_CC2650STK_TI/empty_CC2650STK_TI" --include_path="/home/linuxlite/workspace_v10/empty_CC2650STK_TI/empty_CC2650STK_TI" --include_path="/home/linuxlite/ti/tirtos_cc13xx_cc26xx_2_21_01_08/products/cc26xxware_2_24_03_17272" --include_path="/home/linuxlite/ti/ccs1040/ccs/tools/compiler/ti-cgt-arm_20.2.5.LTS/include" --define=ccs -g --diag_warning=225 --diag_warning=255 --diag_wrap=off --display_error_number --gen_func_subsections=on --abi=eabi --preproc_with_compile --preproc_dependency="project_main.d_raw" --cmd_file="configPkg/compiler.opt"  "../project_main.c"
"../project_main.c", line 146: warning #112-D: statement is unreachable
"../project_main.c", line 126: warning #179-D: variable "wordIndex" was declared but never referenced
Finished building: "../project_main.c"
 
making ../src/sysbios/rom_sysbios.aem3 ...
gmake[2]: Nothing to be done for 'all'.
Building target: "empty_CC2650STK_TI.out"
Invoking: Arm Linker
"/home/linuxlite/ti/ccs1040/ccs/tools/compiler/ti-cgt-arm_20.2.5.LTS/bin/armcl" -mv7M3 --code_state=16 --float_support=none -me --define=ccs -g --diag_warning=225 --diag_warning=255 --diag_wrap=off --display_error_number --gen_func_subsections=on --abi=eabi -z -m"empty_CC2650STK_TI.map" --heap_size=0 --stack_size=256 -i"/home/linuxlite/ti/ccs1040/ccs/tools/compiler/ti-cgt-arm_20.2.5.LTS/lib" -i"/home/linuxlite/ti/ccs1040/ccs/tools/compiler/ti-cgt-arm_20.2.5.LTS/include" --reread_libs --diag_wrap=off --display_error_number --warn_sections --xml_link_info="empty_CC2650STK_TI_linkInfo.xml" --rom_model -o "empty_CC2650STK_TI.out" "./CC2650STK.obj" "./project_main.obj" "./sensors/bmp280.obj" "./sensors/hdc1000.obj" "./sensors/mpu9250.obj" "./sensors/opt3001.obj" "./sensors/tmp007.obj" "../CC2650STK.cmd" -l"configPkg/linker.cmd"  -l"/home/linuxlite/ti/tirtos_cc13xx_cc26xx_2_21_01_08/products/cc26xxware_2_24_03_17272/driverlib/bin/ccs/driverlib.lib" -llibc.a 
<Linking>
Finished building target: "empty_CC2650STK_TI.out"
 

**** Build Finished ****

**** Build of configuration Debug for project empty_CC2650STK_TI ****

/home/linuxlite/ti/ccs1040/ccs/utils/bin/gmake -k -j 3 all -O 
 
making ../src/sysbios/rom_sysbios.aem3 ...
gmake[1]: Nothing to be done for 'all'.
making ../src/sysbios/rom_sysbios.aem3 ...
gmake[2]: Nothing to be done for 'all'.

**** Build Finished ****

**** Build of configuration Debug for project empty_CC2650STK_TI ****

/home/linuxlite/ti/ccs1040/ccs/utils/bin/gmake -k -j 3 all -O 
 
making ../src/sysbios/rom_sysbios.aem3 ...
gmake[1]: Nothing to be done for 'all'.
Building file: "../project_main.c"
Invoking: Arm Compiler
"/home/linuxlite/ti/ccs1040/ccs/tools/compiler/ti-cgt-arm_20.2.5.LTS/bin/armcl" -mv7M3 --code_state=16 --float_support=none -me --include_path="/home/linuxlite/workspace_v10/empty_CC2650STK_TI/empty_CC2650STK_TI" --include_path="/home/linuxlite/workspace_v10/empty_CC2650STK_TI/empty_CC2650STK_TI" --include_path="/home/linuxlite/ti/tirtos_cc13xx_cc26xx_2_21_01_08/products/cc26xxware_2_24_03_17272" --include_path="/home/linuxlite/ti/ccs1040/ccs/tools/compiler/ti-cgt-arm_20.2.5.LTS/include" --define=ccs -g --diag_warning=225 --diag_warning=255 --diag_wrap=off --display_error_number --gen_func_subsections=on --abi=eabi --preproc_with_compile --preproc_dependency="project_main.d_raw" --cmd_file="configPkg/compiler.opt"  "../project_main.c"
 
>> Compilation failure
subdir_rules.mk:7: recipe for target 'project_main.obj' failed
"../project_main.c", line 96: warning #225-D: function "translate_morse_to_text" declared implicitly
"../project_main.c", line 109: warning #161-D: declaration is incompatible with previous "translate_morse_to_text" (declared at line 96)
"../project_main.c", line 114: warning #225-D: function "strtok" declared implicitly
"../project_main.c", line 114: warning #145-D: a value of type "int" cannot be used to initialize an entity of type "char *"
"../project_main.c", line 116: error #29: expected an expression
"../project_main.c", line 116: error #20: identifier "i" is undefined
"../project_main.c", line 117: warning #225-D: function "strcmp" declared implicitly
"../project_main.c", line 122: warning #515-D: a value of type "int" cannot be assigned to an entity of type "char *"
"../project_main.c", line 203: warning #112-D: statement is unreachable
"../project_main.c", line 184: warning #179-D: variable "wordIndex" was declared but never referenced
"../project_main.c", line 226: error #29: expected an expression
3 errors detected in the compilation of "../project_main.c".
gmake: *** [project_main.obj] Error 1
gmake: Target 'all' not remade because of errors.

**** Build Finished ****

**** Build of configuration Debug for project empty_CC2650STK_TI ****

/home/linuxlite/ti/ccs1040/ccs/utils/bin/gmake -k -j 3 all -O 
 
making ../src/sysbios/rom_sysbios.aem3 ...
gmake[1]: Nothing to be done for 'all'.
Building file: "../project_main.c"
Invoking: Arm Compiler
"/home/linuxlite/ti/ccs1040/ccs/tools/compiler/ti-cgt-arm_20.2.5.LTS/bin/armcl" -mv7M3 --code_state=16 --float_support=none -me --include_path="/home/linuxlite/workspace_v10/empty_CC2650STK_TI/empty_CC2650STK_TI" --include_path="/home/linuxlite/workspace_v10/empty_CC2650STK_TI/empty_CC2650STK_TI" --include_path="/home/linuxlite/ti/tirtos_cc13xx_cc26xx_2_21_01_08/products/cc26xxware_2_24_03_17272" --include_path="/home/linuxlite/ti/ccs1040/ccs/tools/compiler/ti-cgt-arm_20.2.5.LTS/include" --define=ccs -g --diag_warning=225 --diag_warning=255 --diag_wrap=off --display_error_number --gen_func_subsections=on --abi=eabi --preproc_with_compile --preproc_dependency="project_main.d_raw" --cmd_file="configPkg/compiler.opt"  "../project_main.c"
 
>> Compilation failure
subdir_rules.mk:7: recipe for target 'project_main.obj' failed
"../project_main.c", line 96: warning #225-D: function "translate_morse_to_text" declared implicitly
"../project_main.c", line 109: warning #161-D: declaration is incompatible with previous "translate_morse_to_text" (declared at line 96)
"../project_main.c", line 114: warning #225-D: function "strtok" declared implicitly
"../project_main.c", line 114: warning #145-D: a value of type "int" cannot be used to initialize an entity of type "char *"
"../project_main.c", line 117: warning #225-D: function "strcmp" declared implicitly
"../project_main.c", line 122: warning #515-D: a value of type "int" cannot be assigned to an entity of type "char *"
"../project_main.c", line 203: warning #112-D: statement is unreachable
"../project_main.c", line 184: warning #179-D: variable "wordIndex" was declared but never referenced
"../project_main.c", line 226: error #29: expected an expression
1 error detected in the compilation of "../project_main.c".
gmake: *** [project_main.obj] Error 1
gmake: Target 'all' not remade because of errors.

**** Build Finished ****

**** Build of configuration Debug for project empty_CC2650STK_TI ****

/home/linuxlite/ti/ccs1040/ccs/utils/bin/gmake -k -j 3 all -O 
 
making ../src/sysbios/rom_sysbios.aem3 ...
gmake[1]: Nothing to be done for 'all'.
Building file: "../project_main.c"
Invoking: Arm Compiler
"/home/linuxlite/ti/ccs1040/ccs/tools/compiler/ti-cgt-arm_20.2.5.LTS/bin/armcl" -mv7M3 --code_state=16 --float_support=none -me --include_path="/home/linuxlite/workspace_v10/empty_CC2650STK_TI/empty_CC2650STK_TI" --include_path="/home/linuxlite/workspace_v10/empty_CC2650STK_TI/empty_CC2650STK_TI" --include_path="/home/linuxlite/ti/tirtos_cc13xx_cc26xx_2_21_01_08/products/cc26xxware_2_24_03_17272" --include_path="/home/linuxlite/ti/ccs1040/ccs/tools/compiler/ti-cgt-arm_20.2.5.LTS/include" --define=ccs -g --diag_warning=225 --diag_warning=255 --diag_wrap=off --display_error_number --gen_func_subsections=on --abi=eabi --preproc_with_compile --preproc_dependency="project_main.d_raw" --cmd_file="configPkg/compiler.opt"  "../project_main.c"
"../project_main.c", line 96: warning #225-D: function "translate_morse_to_text" declared implicitly
"../project_main.c", line 109: warning #161-D: declaration is incompatible with previous "translate_morse_to_text" (declared at line 96)
"../project_main.c", line 114: warning #225-D: function "strtok" declared implicitly
"../project_main.c", line 114: warning #145-D: a value of type "int" cannot be used to initialize an entity of type "char *"
"../project_main.c", line 117: warning #225-D: function "strcmp" declared implicitly
"../project_main.c", line 122: warning #515-D: a value of type "int" cannot be assigned to an entity of type "char *"
"../project_main.c", line 203: warning #112-D: statement is unreachable
"../project_main.c", line 184: warning #179-D: variable "wordIndex" was declared but never referenced
Finished building: "../project_main.c"
 
making ../src/sysbios/rom_sysbios.aem3 ...
gmake[2]: Nothing to be done for 'all'.
Building target: "empty_CC2650STK_TI.out"
Invoking: Arm Linker
"/home/linuxlite/ti/ccs1040/ccs/tools/compiler/ti-cgt-arm_20.2.5.LTS/bin/armcl" -mv7M3 --code_state=16 --float_support=none -me --define=ccs -g --diag_warning=225 --diag_warning=255 --diag_wrap=off --display_error_number --gen_func_subsections=on --abi=eabi -z -m"empty_CC2650STK_TI.map" --heap_size=0 --stack_size=256 -i"/home/linuxlite/ti/ccs1040/ccs/tools/compiler/ti-cgt-arm_20.2.5.LTS/lib" -i"/home/linuxlite/ti/ccs1040/ccs/tools/compiler/ti-cgt-arm_20.2.5.LTS/include" --reread_libs --diag_wrap=off --display_error_number --warn_sections --xml_link_info="empty_CC2650STK_TI_linkInfo.xml" --rom_model -o "empty_CC2650STK_TI.out" "./CC2650STK.obj" "./project_main.obj" "./sensors/bmp280.obj" "./sensors/hdc1000.obj" "./sensors/mpu9250.obj" "./sensors/opt3001.obj" "./sensors/tmp007.obj" "../CC2650STK.cmd" -l"configPkg/linker.cmd"  -l"/home/linuxlite/ti/tirtos_cc13xx_cc26xx_2_21_01_08/products/cc26xxware_2_24_03_17272/driverlib/bin/ccs/driverlib.lib" -llibc.a 
<Linking>
Finished building target: "empty_CC2650STK_TI.out"
 

**** Build Finished ****

**** Build of configuration Debug for project empty_CC2650STK_TI ****

/home/linuxlite/ti/ccs1040/ccs/utils/bin/gmake -k -j 3 all -O 
 
making ../src/sysbios/rom_sysbios.aem3 ...
gmake[1]: Nothing to be done for 'all'.
making ../src/sysbios/rom_sysbios.aem3 ...
gmake[2]: Nothing to be done for 'all'.

**** Build Finished ****

**** Build of configuration Debug for project empty_CC2650STK_TI ****

/home/linuxlite/ti/ccs1040/ccs/utils/bin/gmake -k -j 3 all -O 
 
making ../src/sysbios/rom_sysbios.aem3 ...
gmake[1]: Nothing to be done for 'all'.
making ../src/sysbios/rom_sysbios.aem3 ...
gmake[2]: Nothing to be done for 'all'.

**** Build Finished ****

**** Build of configuration Debug for project empty_CC2650STK_TI ****

/home/linuxlite/ti/ccs1040/ccs/utils/bin/gmake -k -j 3 all -O 
 
making ../src/sysbios/rom_sysbios.aem3 ...
gmake[1]: Nothing to be done for 'all'.
Building file: "../project_main.c"
Invoking: Arm Compiler
"/home/linuxlite/ti/ccs1040/ccs/tools/compiler/ti-cgt-arm_20.2.5.LTS/bin/armcl" -mv7M3 --code_state=16 --float_support=none -me --include_path="/home/linuxlite/workspace_v10/empty_CC2650STK_TI/empty_CC2650STK_TI" --include_path="/home/linuxlite/workspace_v10/empty_CC2650STK_TI/empty_CC2650STK_TI" --include_path="/home/linuxlite/ti/tirtos_cc13xx_cc26xx_2_21_01_08/products/cc26xxware_2_24_03_17272" --include_path="/home/linuxlite/ti/ccs1040/ccs/tools/compiler/ti-cgt-arm_20.2.5.LTS/include" --define=ccs -g --diag_warning=225 --diag_warning=255 --diag_wrap=off --display_error_number --gen_func_subsections=on --abi=eabi --preproc_with_compile --preproc_dependency="project_main.d_raw" --cmd_file="configPkg/compiler.opt"  "../project_main.c"
Finished building: "../project_main.c"
 
making ../src/sysbios/rom_sysbios.aem3 ...
gmake[2]: Nothing to be done for 'all'.
Building target: "empty_CC2650STK_TI.out"
Invoking: Arm Linker
"/home/linuxlite/ti/ccs1040/ccs/tools/compiler/ti-cgt-arm_20.2.5.LTS/bin/armcl" -mv7M3 --code_state=16 --float_support=none -me --define=ccs -g --diag_warning=225 --diag_warning=255 --diag_wrap=off --display_error_number --gen_func_subsections=on --abi=eabi -z -m"empty_CC2650STK_TI.map" --heap_size=0 --stack_size=256 -i"/home/linuxlite/ti/ccs1040/ccs/tools/compiler/ti-cgt-arm_20.2.5.LTS/lib" -i"/home/linuxlite/ti/ccs1040/ccs/tools/compiler/ti-cgt-arm_20.2.5.LTS/include" --reread_libs --diag_wrap=off --display_error_number --warn_sections --xml_link_info="empty_CC2650STK_TI_linkInfo.xml" --rom_model -o "empty_CC2650STK_TI.out" "./CC2650STK.obj" "./project_main.obj" "./sensors/bmp280.obj" "./sensors/hdc1000.obj" "./sensors/mpu9250.obj" "./sensors/opt3001.obj" "./sensors/tmp007.obj" "../CC2650STK.cmd" -l"configPkg/linker.cmd"  -l"/home/linuxlite/ti/tirtos_cc13xx_cc26xx_2_21_01_08/products/cc26xxware_2_24_03_17272/driverlib/bin/ccs/driverlib.lib" -llibc.a 
<Linking>
"../project_main.c", line 85: warning #225-D: function "translate_morse_to_text" declared implicitly
"../project_main.c", line 98: warning #161-D: declaration is incompatible with previous "translate_morse_to_text" (declared at line 85)
"../project_main.c", line 186: warning #112-D: statement is unreachable
Finished building target: "empty_CC2650STK_TI.out"
 

**** Build Finished ****

**** Build of configuration Debug for project empty_CC2650STK_TI ****

/home/linuxlite/ti/ccs1040/ccs/utils/bin/gmake -k -j 3 all -O 
 
making ../src/sysbios/rom_sysbios.aem3 ...
gmake[1]: Nothing to be done for 'all'.
making ../src/sysbios/rom_sysbios.aem3 ...
gmake[2]: Nothing to be done for 'all'.

**** Build Finished ****

**** Build of configuration Debug for project empty_CC2650STK_TI ****

/home/linuxlite/ti/ccs1040/ccs/utils/bin/gmake -k -j 3 all -O 
 
making ../src/sysbios/rom_sysbios.aem3 ...
gmake[1]: Nothing to be done for 'all'.
making ../src/sysbios/rom_sysbios.aem3 ...
gmake[2]: Nothing to be done for 'all'.

**** Build Finished ****

**** Build of configuration Debug for project empty_CC2650STK_TI ****

/home/linuxlite/ti/ccs1040/ccs/utils/bin/gmake -k -j 3 all -O 
 
making ../src/sysbios/rom_sysbios.aem3 ...
gmake[1]: Nothing to be done for 'all'.
Building file: "../project_main.c"
Invoking: Arm Compiler
"/home/linuxlite/ti/ccs1040/ccs/tools/compiler/ti-cgt-arm_20.2.5.LTS/bin/armcl" -mv7M3 --code_state=16 --float_support=none -me --include_path="/home/linuxlite/workspace_v10/empty_CC2650STK_TI/empty_CC2650STK_TI" --include_path="/home/linuxlite/workspace_v10/empty_CC2650STK_TI/empty_CC2650STK_TI" --include_path="/home/linuxlite/ti/tirtos_cc13xx_cc26xx_2_21_01_08/products/cc26xxware_2_24_03_17272" --include_path="/home/linuxlite/ti/ccs1040/ccs/tools/compiler/ti-cgt-arm_20.2.5.LTS/include" --define=ccs -g --diag_warning=225 --diag_warning=255 --diag_wrap=off --display_error_number --gen_func_subsections=on --abi=eabi --preproc_with_compile --preproc_dependency="project_main.d_raw" --cmd_file="configPkg/compiler.opt"  "../project_main.c"
 
>> Compilation failure
subdir_rules.mk:7: recipe for target 'project_main.obj' failed
"../project_main.c", line 85: warning #225-D: function "translate_morse_to_text" declared implicitly
"../project_main.c", line 98: warning #161-D: declaration is incompatible with previous "translate_morse_to_text" (declared at line 85)
"../project_main.c", line 102: error #29: expected an expression
"../project_main.c", line 112: warning #12-D: parsing restarts here after previous syntax error
"../project_main.c", line 100: warning #179-D: variable "i" was declared but never referenced
"../project_main.c", line 100: warning #179-D: variable "j" was declared but never referenced
"../project_main.c", line 185: warning #112-D: statement is unreachable
1 error detected in the compilation of "../project_main.c".
gmake: *** [project_main.obj] Error 1
gmake: Target 'all' not remade because of errors.

**** Build Finished ****

**** Build of configuration Debug for project empty_CC2650STK_TI ****

/home/linuxlite/ti/ccs1040/ccs/utils/bin/gmake -k -j 3 all -O 
 
making ../src/sysbios/rom_sysbios.aem3 ...
gmake[1]: Nothing to be done for 'all'.
Building file: "../project_main.c"
Invoking: Arm Compiler
"/home/linuxlite/ti/ccs1040/ccs/tools/compiler/ti-cgt-arm_20.2.5.LTS/bin/armcl" -mv7M3 --code_state=16 --float_support=none -me --include_path="/home/linuxlite/workspace_v10/empty_CC2650STK_TI/empty_CC2650STK_TI" --include_path="/home/linuxlite/workspace_v10/empty_CC2650STK_TI/empty_CC2650STK_TI" --include_path="/home/linuxlite/ti/tirtos_cc13xx_cc26xx_2_21_01_08/products/cc26xxware_2_24_03_17272" --include_path="/home/linuxlite/ti/ccs1040/ccs/tools/compiler/ti-cgt-arm_20.2.5.LTS/include" --define=ccs -g --diag_warning=225 --diag_warning=255 --diag_wrap=off --display_error_number --gen_func_subsections=on --abi=eabi --preproc_with_compile --preproc_dependency="project_main.d_raw" --cmd_file="configPkg/compiler.opt"  "../project_main.c"
"../project_main.c", line 85: warning #225-D: function "translate_morse_to_text" declared implicitly
"../project_main.c", line 98: warning #161-D: declaration is incompatible with previous "translate_morse_to_text" (declared at line 85)
"../project_main.c", line 185: warning #112-D: statement is unreachable
Finished building: "../project_main.c"
 
making ../src/sysbios/rom_sysbios.aem3 ...
gmake[2]: Nothing to be done for 'all'.
Building target: "empty_CC2650STK_TI.out"
Invoking: Arm Linker
"/home/linuxlite/ti/ccs1040/ccs/tools/compiler/ti-cgt-arm_20.2.5.LTS/bin/armcl" -mv7M3 --code_state=16 --float_support=none -me --define=ccs -g --diag_warning=225 --diag_warning=255 --diag_wrap=off --display_error_number --gen_func_subsections=on --abi=eabi -z -m"empty_CC2650STK_TI.map" --heap_size=0 --stack_size=256 -i"/home/linuxlite/ti/ccs1040/ccs/tools/compiler/ti-cgt-arm_20.2.5.LTS/lib" -i"/home/linuxlite/ti/ccs1040/ccs/tools/compiler/ti-cgt-arm_20.2.5.LTS/include" --reread_libs --diag_wrap=off --display_error_number --warn_sections --xml_link_info="empty_CC2650STK_TI_linkInfo.xml" --rom_model -o "empty_CC2650STK_TI.out" "./CC2650STK.obj" "./project_main.obj" "./sensors/bmp280.obj" "./sensors/hdc1000.obj" "./sensors/mpu9250.obj" "./sensors/opt3001.obj" "./sensors/tmp007.obj" "../CC2650STK.cmd" -l"configPkg/linker.cmd"  -l"/home/linuxlite/ti/tirtos_cc13xx_cc26xx_2_21_01_08/products/cc26xxware_2_24_03_17272/driverlib/bin/ccs/driverlib.lib" -llibc.a 
<Linking>
Finished building target: "empty_CC2650STK_TI.out"
 

**** Build Finished ****

**** Build of configuration Debug for project empty_CC2650STK_TI ****

/home/linuxlite/ti/ccs1040/ccs/utils/bin/gmake -k -j 3 all -O 
 
making ../src/sysbios/rom_sysbios.aem3 ...
gmake[1]: Nothing to be done for 'all'.
making ../src/sysbios/rom_sysbios.aem3 ...
gmake[2]: Nothing to be done for 'all'.

**** Build Finished ****

**** Build of configuration Debug for project empty_CC2650STK_TI ****

/home/linuxlite/ti/ccs1040/ccs/utils/bin/gmake -k -j 3 all -O 
 
making ../src/sysbios/rom_sysbios.aem3 ...
gmake[1]: Nothing to be done for 'all'.
Building file: "../project_main.c"
Invoking: Arm Compiler
"/home/linuxlite/ti/ccs1040/ccs/tools/compiler/ti-cgt-arm_20.2.5.LTS/bin/armcl" -mv7M3 --code_state=16 --float_support=none -me --include_path="/home/linuxlite/workspace_v10/empty_CC2650STK_TI/empty_CC2650STK_TI" --include_path="/home/linuxlite/workspace_v10/empty_CC2650STK_TI/empty_CC2650STK_TI" --include_path="/home/linuxlite/ti/tirtos_cc13xx_cc26xx_2_21_01_08/products/cc26xxware_2_24_03_17272" --include_path="/home/linuxlite/ti/ccs1040/ccs/tools/compiler/ti-cgt-arm_20.2.5.LTS/include" --define=ccs -g --diag_warning=225 --diag_warning=255 --diag_wrap=off --display_error_number --gen_func_subsections=on --abi=eabi --preproc_with_compile --preproc_dependency="project_main.d_raw" --cmd_file="configPkg/compiler.opt"  "../project_main.c"
 
>> Compilation failure
subdir_rules.mk:7: recipe for target 'project_main.obj' failed
"../project_main.c", line 85: warning #225-D: function "translate_morse_to_text" declared implicitly
"../project_main.c", line 98: warning #161-D: declaration is incompatible with previous "translate_morse_to_text" (declared at line 85)
"../project_main.c", line 114: error #29: expected an expression
"../project_main.c", line 114: error #20: identifier "idx" is undefined
"../project_main.c", line 115: warning #225-D: function "strcmp" declared implicitly
"../project_main.c", line 200: warning #112-D: statement is unreachable
2 errors detected in the compilation of "../project_main.c".
gmake: *** [project_main.obj] Error 1
gmake: Target 'all' not remade because of errors.

**** Build Finished ****

**** Build of configuration Debug for project empty_CC2650STK_TI ****

/home/linuxlite/ti/ccs1040/ccs/utils/bin/gmake -k -j 3 all -O 
 
making ../src/sysbios/rom_sysbios.aem3 ...
gmake[1]: Nothing to be done for 'all'.
Building file: "../project_main.c"
Invoking: Arm Compiler
"/home/linuxlite/ti/ccs1040/ccs/tools/compiler/ti-cgt-arm_20.2.5.LTS/bin/armcl" -mv7M3 --code_state=16 --float_support=none -me --include_path="/home/linuxlite/workspace_v10/empty_CC2650STK_TI/empty_CC2650STK_TI" --include_path="/home/linuxlite/workspace_v10/empty_CC2650STK_TI/empty_CC2650STK_TI" --include_path="/home/linuxlite/ti/tirtos_cc13xx_cc26xx_2_21_01_08/products/cc26xxware_2_24_03_17272" --include_path="/home/linuxlite/ti/ccs1040/ccs/tools/compiler/ti-cgt-arm_20.2.5.LTS/include" --define=ccs -g --diag_warning=225 --diag_warning=255 --diag_wrap=off --display_error_number --gen_func_subsections=on --abi=eabi --preproc_with_compile --preproc_dependency="project_main.d_raw" --cmd_file="configPkg/compiler.opt"  "../project_main.c"
 
>> Compilation failure
subdir_rules.mk:7: recipe for target 'project_main.obj' failed
"../project_main.c", line 85: warning #225-D: function "translate_morse_to_text" declared implicitly
"../project_main.c", line 98: warning #161-D: declaration is incompatible with previous "translate_morse_to_text" (declared at line 85)
"../project_main.c", line 114: error #29: expected an expression
"../project_main.c", line 114: error #20: identifier "idx" is undefined
"../project_main.c", line 115: warning #225-D: function "strcmp" declared implicitly
"../project_main.c", line 200: warning #112-D: statement is unreachable
2 errors detected in the compilation of "../project_main.c".
gmake: *** [project_main.obj] Error 1
gmake: Target 'all' not remade because of errors.

**** Build Finished ****

**** Build of configuration Debug for project empty_CC2650STK_TI ****

/home/linuxlite/ti/ccs1040/ccs/utils/bin/gmake -k -j 3 all -O 
 
making ../src/sysbios/rom_sysbios.aem3 ...
gmake[1]: Nothing to be done for 'all'.
Building file: "../project_main.c"
Invoking: Arm Compiler
"/home/linuxlite/ti/ccs1040/ccs/tools/compiler/ti-cgt-arm_20.2.5.LTS/bin/armcl" -mv7M3 --code_state=16 --float_support=none -me --include_path="/home/linuxlite/workspace_v10/empty_CC2650STK_TI/empty_CC2650STK_TI" --include_path="/home/linuxlite/workspace_v10/empty_CC2650STK_TI/empty_CC2650STK_TI" --include_path="/home/linuxlite/ti/tirtos_cc13xx_cc26xx_2_21_01_08/products/cc26xxware_2_24_03_17272" --include_path="/home/linuxlite/ti/ccs1040/ccs/tools/compiler/ti-cgt-arm_20.2.5.LTS/include" --define=ccs -g --diag_warning=225 --diag_warning=255 --diag_wrap=off --display_error_number --gen_func_subsections=on --abi=eabi --preproc_with_compile --preproc_dependency="project_main.d_raw" --cmd_file="configPkg/compiler.opt"  "../project_main.c"
"../project_main.c", line 85: warning #225-D: function "translate_morse_to_text" declared implicitly
"../project_main.c", line 98: warning #161-D: declaration is incompatible with previous "translate_morse_to_text" (declared at line 85)
"../project_main.c", line 115: warning #225-D: function "strcmp" declared implicitly
"../project_main.c", line 200: warning #112-D: statement is unreachable
Finished building: "../project_main.c"
 
making ../src/sysbios/rom_sysbios.aem3 ...
gmake[2]: Nothing to be done for 'all'.
Building target: "empty_CC2650STK_TI.out"
Invoking: Arm Linker
"/home/linuxlite/ti/ccs1040/ccs/tools/compiler/ti-cgt-arm_20.2.5.LTS/bin/armcl" -mv7M3 --code_state=16 --float_support=none -me --define=ccs -g --diag_warning=225 --diag_warning=255 --diag_wrap=off --display_error_number --gen_func_subsections=on --abi=eabi -z -m"empty_CC2650STK_TI.map" --heap_size=0 --stack_size=256 -i"/home/linuxlite/ti/ccs1040/ccs/tools/compiler/ti-cgt-arm_20.2.5.LTS/lib" -i"/home/linuxlite/ti/ccs1040/ccs/tools/compiler/ti-cgt-arm_20.2.5.LTS/include" --reread_libs --diag_wrap=off --display_error_number --warn_sections --xml_link_info="empty_CC2650STK_TI_linkInfo.xml" --rom_model -o "empty_CC2650STK_TI.out" "./CC2650STK.obj" "./project_main.obj" "./sensors/bmp280.obj" "./sensors/hdc1000.obj" "./sensors/mpu9250.obj" "./sensors/opt3001.obj" "./sensors/tmp007.obj" "../CC2650STK.cmd" -l"configPkg/linker.cmd"  -l"/home/linuxlite/ti/tirtos_cc13xx_cc26xx_2_21_01_08/products/cc26xxware_2_24_03_17272/driverlib/bin/ccs/driverlib.lib" -llibc.a 
<Linking>
Finished building target: "empty_CC2650STK_TI.out"
 

**** Build Finished ****

**** Build of configuration Debug for project empty_CC2650STK_TI ****

/home/linuxlite/ti/ccs1040/ccs/utils/bin/gmake -k -j 3 all -O 
 
making ../src/sysbios/rom_sysbios.aem3 ...
gmake[1]: Nothing to be done for 'all'.
making ../src/sysbios/rom_sysbios.aem3 ...
gmake[2]: Nothing to be done for 'all'.

**** Build Finished ****

**** Build of configuration Debug for project empty_CC2650STK_TI ****

/home/linuxlite/ti/ccs1040/ccs/utils/bin/gmake -k -j 3 all -O 
 
making ../src/sysbios/rom_sysbios.aem3 ...
gmake[1]: Nothing to be done for 'all'.
Building file: "../project_main.c"
Invoking: Arm Compiler
"/home/linuxlite/ti/ccs1040/ccs/tools/compiler/ti-cgt-arm_20.2.5.LTS/bin/armcl" -mv7M3 --code_state=16 --float_support=none -me --include_path="/home/linuxlite/workspace_v10/empty_CC2650STK_TI/empty_CC2650STK_TI" --include_path="/home/linuxlite/workspace_v10/empty_CC2650STK_TI/empty_CC2650STK_TI" --include_path="/home/linuxlite/ti/tirtos_cc13xx_cc26xx_2_21_01_08/products/cc26xxware_2_24_03_17272" --include_path="/home/linuxlite/ti/ccs1040/ccs/tools/compiler/ti-cgt-arm_20.2.5.LTS/include" --define=ccs -g --diag_warning=225 --diag_warning=255 --diag_wrap=off --display_error_number --gen_func_subsections=on --abi=eabi --preproc_with_compile --preproc_dependency="project_main.d_raw" --cmd_file="configPkg/compiler.opt"  "../project_main.c"
"../project_main.c", line 85: warning #225-D: function "translate_morse_to_text" declared implicitly
"../project_main.c", line 98: warning #161-D: declaration is incompatible with previous "translate_morse_to_text" (declared at line 85)
"../project_main.c", line 115: warning #225-D: function "strcmp" declared implicitly
"../project_main.c", line 200: warning #112-D: statement is unreachable
Finished building: "../project_main.c"
 
making ../src/sysbios/rom_sysbios.aem3 ...
gmake[2]: Nothing to be done for 'all'.
Building target: "empty_CC2650STK_TI.out"
Invoking: Arm Linker
"/home/linuxlite/ti/ccs1040/ccs/tools/compiler/ti-cgt-arm_20.2.5.LTS/bin/armcl" -mv7M3 --code_state=16 --float_support=none -me --define=ccs -g --diag_warning=225 --diag_warning=255 --diag_wrap=off --display_error_number --gen_func_subsections=on --abi=eabi -z -m"empty_CC2650STK_TI.map" --heap_size=0 --stack_size=256 -i"/home/linuxlite/ti/ccs1040/ccs/tools/compiler/ti-cgt-arm_20.2.5.LTS/lib" -i"/home/linuxlite/ti/ccs1040/ccs/tools/compiler/ti-cgt-arm_20.2.5.LTS/include" --reread_libs --diag_wrap=off --display_error_number --warn_sections --xml_link_info="empty_CC2650STK_TI_linkInfo.xml" --rom_model -o "empty_CC2650STK_TI.out" "./CC2650STK.obj" "./project_main.obj" "./sensors/bmp280.obj" "./sensors/hdc1000.obj" "./sensors/mpu9250.obj" "./sensors/opt3001.obj" "./sensors/tmp007.obj" "../CC2650STK.cmd" -l"configPkg/linker.cmd"  -l"/home/linuxlite/ti/tirtos_cc13xx_cc26xx_2_21_01_08/products/cc26xxware_2_24_03_17272/driverlib/bin/ccs/driverlib.lib" -llibc.a 
<Linking>
Finished building target: "empty_CC2650STK_TI.out"
 

**** Build Finished ****

**** Build of configuration Debug for project empty_CC2650STK_TI ****

/home/linuxlite/ti/ccs1040/ccs/utils/bin/gmake -k -j 3 all -O 
 
making ../src/sysbios/rom_sysbios.aem3 ...
gmake[1]: Nothing to be done for 'all'.
making ../src/sysbios/rom_sysbios.aem3 ...
gmake[2]: Nothing to be done for 'all'.

**** Build Finished ****

**** Build of configuration Debug for project empty_CC2650STK_TI ****

/home/linuxlite/ti/ccs1040/ccs/utils/bin/gmake -k -j 3 all -O 
 
making ../src/sysbios/rom_sysbios.aem3 ...
gmake[1]: Nothing to be done for 'all'.
making ../src/sysbios/rom_sysbios.aem3 ...
gmake[2]: Nothing to be done for 'all'.

**** Build Finished ****

**** Build of configuration Debug for project empty_CC2650STK_TI ****

/home/linuxlite/ti/ccs1040/ccs/utils/bin/gmake -k -j 3 all -O 
 
making ../src/sysbios/rom_sysbios.aem3 ...
gmake[1]: Nothing to be done for 'all'.
making ../src/sysbios/rom_sysbios.aem3 ...
gmake[2]: Nothing to be done for 'all'.

**** Build Finished ****

**** Build of configuration Debug for project empty_CC2650STK_TI ****

/home/linuxlite/ti/ccs1040/ccs/utils/bin/gmake -k -j 3 all -O 
 
making ../src/sysbios/rom_sysbios.aem3 ...
gmake[1]: Nothing to be done for 'all'.
Building file: "../project_main.c"
Invoking: Arm Compiler
"/home/linuxlite/ti/ccs1040/ccs/tools/compiler/ti-cgt-arm_20.2.5.LTS/bin/armcl" -mv7M3 --code_state=16 --float_support=none -me --include_path="/home/linuxlite/workspace_v10/empty_CC2650STK_TI/empty_CC2650STK_TI" --include_path="/home/linuxlite/workspace_v10/empty_CC2650STK_TI/empty_CC2650STK_TI" --include_path="/home/linuxlite/ti/tirtos_cc13xx_cc26xx_2_21_01_08/products/cc26xxware_2_24_03_17272" --include_path="/home/linuxlite/ti/ccs1040/ccs/tools/compiler/ti-cgt-arm_20.2.5.LTS/include" --define=ccs -g --diag_warning=225 --diag_warning=255 --diag_wrap=off --display_error_number --gen_func_subsections=on --abi=eabi --preproc_with_compile --preproc_dependency="project_main.d_raw" --cmd_file="configPkg/compiler.opt"  "../project_main.c"
"../project_main.c", line 85: warning #225-D: function "translate_morse_to_text" declared implicitly
"../project_main.c", line 98: warning #161-D: declaration is incompatible with previous "translate_morse_to_text" (declared at line 85)
"../project_main.c", line 115: warning #225-D: function "strcmp" declared implicitly
"../project_main.c", line 200: warning #112-D: statement is unreachable
Finished building: "../project_main.c"
 
making ../src/sysbios/rom_sysbios.aem3 ...
gmake[2]: Nothing to be done for 'all'.
Building target: "empty_CC2650STK_TI.out"
Invoking: Arm Linker
"/home/linuxlite/ti/ccs1040/ccs/tools/compiler/ti-cgt-arm_20.2.5.LTS/bin/armcl" -mv7M3 --code_state=16 --float_support=none -me --define=ccs -g --diag_warning=225 --diag_warning=255 --diag_wrap=off --display_error_number --gen_func_subsections=on --abi=eabi -z -m"empty_CC2650STK_TI.map" --heap_size=0 --stack_size=256 -i"/home/linuxlite/ti/ccs1040/ccs/tools/compiler/ti-cgt-arm_20.2.5.LTS/lib" -i"/home/linuxlite/ti/ccs1040/ccs/tools/compiler/ti-cgt-arm_20.2.5.LTS/include" --reread_libs --diag_wrap=off --display_error_number --warn_sections --xml_link_info="empty_CC2650STK_TI_linkInfo.xml" --rom_model -o "empty_CC2650STK_TI.out" "./CC2650STK.obj" "./project_main.obj" "./sensors/bmp280.obj" "./sensors/hdc1000.obj" "./sensors/mpu9250.obj" "./sensors/opt3001.obj" "./sensors/tmp007.obj" "../CC2650STK.cmd" -l"configPkg/linker.cmd"  -l"/home/linuxlite/ti/tirtos_cc13xx_cc26xx_2_21_01_08/products/cc26xxware_2_24_03_17272/driverlib/bin/ccs/driverlib.lib" -llibc.a 
<Linking>
Finished building target: "empty_CC2650STK_TI.out"
 

**** Build Finished ****

**** Build of configuration Debug for project empty_CC2650STK_TI ****

/home/linuxlite/ti/ccs1040/ccs/utils/bin/gmake -k -j 3 all -O 
 
making ../src/sysbios/rom_sysbios.aem3 ...
gmake[1]: Nothing to be done for 'all'.
making ../src/sysbios/rom_sysbios.aem3 ...
gmake[2]: Nothing to be done for 'all'.

**** Build Finished ****

**** Build of configuration Debug for project empty_CC2650STK_TI ****

/home/linuxlite/ti/ccs1040/ccs/utils/bin/gmake -k -j 3 all -O 
 
making ../src/sysbios/rom_sysbios.aem3 ...
gmake[1]: Nothing to be done for 'all'.
Building file: "../project_main.c"
Invoking: Arm Compiler
"/home/linuxlite/ti/ccs1040/ccs/tools/compiler/ti-cgt-arm_20.2.5.LTS/bin/armcl" -mv7M3 --code_state=16 --float_support=none -me --include_path="/home/linuxlite/workspace_v10/empty_CC2650STK_TI/empty_CC2650STK_TI" --include_path="/home/linuxlite/workspace_v10/empty_CC2650STK_TI/empty_CC2650STK_TI" --include_path="/home/linuxlite/ti/tirtos_cc13xx_cc26xx_2_21_01_08/products/cc26xxware_2_24_03_17272" --include_path="/home/linuxlite/ti/ccs1040/ccs/tools/compiler/ti-cgt-arm_20.2.5.LTS/include" --define=ccs -g --diag_warning=225 --diag_warning=255 --diag_wrap=off --display_error_number --gen_func_subsections=on --abi=eabi --preproc_with_compile --preproc_dependency="project_main.d_raw" --cmd_file="configPkg/compiler.opt"  "../project_main.c"
"../project_main.c", line 85: warning #225-D: function "translate_morse_to_text" declared implicitly
"../project_main.c", line 98: warning #161-D: declaration is incompatible with previous "translate_morse_to_text" (declared at line 85)
"../project_main.c", line 115: warning #225-D: function "strcmp" declared implicitly
"../project_main.c", line 200: warning #112-D: statement is unreachable
Finished building: "../project_main.c"
 
making ../src/sysbios/rom_sysbios.aem3 ...
gmake[2]: Nothing to be done for 'all'.
Building target: "empty_CC2650STK_TI.out"
Invoking: Arm Linker
"/home/linuxlite/ti/ccs1040/ccs/tools/compiler/ti-cgt-arm_20.2.5.LTS/bin/armcl" -mv7M3 --code_state=16 --float_support=none -me --define=ccs -g --diag_warning=225 --diag_warning=255 --diag_wrap=off --display_error_number --gen_func_subsections=on --abi=eabi -z -m"empty_CC2650STK_TI.map" --heap_size=0 --stack_size=256 -i"/home/linuxlite/ti/ccs1040/ccs/tools/compiler/ti-cgt-arm_20.2.5.LTS/lib" -i"/home/linuxlite/ti/ccs1040/ccs/tools/compiler/ti-cgt-arm_20.2.5.LTS/include" --reread_libs --diag_wrap=off --display_error_number --warn_sections --xml_link_info="empty_CC2650STK_TI_linkInfo.xml" --rom_model -o "empty_CC2650STK_TI.out" "./CC2650STK.obj" "./project_main.obj" "./sensors/bmp280.obj" "./sensors/hdc1000.obj" "./sensors/mpu9250.obj" "./sensors/opt3001.obj" "./sensors/tmp007.obj" "../CC2650STK.cmd" -l"configPkg/linker.cmd"  -l"/home/linuxlite/ti/tirtos_cc13xx_cc26xx_2_21_01_08/products/cc26xxware_2_24_03_17272/driverlib/bin/ccs/driverlib.lib" -llibc.a 
<Linking>
Finished building target: "empty_CC2650STK_TI.out"
 

**** Build Finished ****

**** Build of configuration Debug for project empty_CC2650STK_TI ****

/home/linuxlite/ti/ccs1040/ccs/utils/bin/gmake -k -j 3 all -O 
 
making ../src/sysbios/rom_sysbios.aem3 ...
gmake[1]: Nothing to be done for 'all'.
making ../src/sysbios/rom_sysbios.aem3 ...
gmake[2]: Nothing to be done for 'all'.

**** Build Finished ****

**** Build of configuration Debug for project empty_CC2650STK_TI ****

/home/linuxlite/ti/ccs1040/ccs/utils/bin/gmake -k -j 3 all -O 
 
making ../src/sysbios/rom_sysbios.aem3 ...
gmake[1]: Nothing to be done for 'all'.
making ../src/sysbios/rom_sysbios.aem3 ...
gmake[2]: Nothing to be done for 'all'.

**** Build Finished ****

**** Build of configuration Debug for project empty_CC2650STK_TI ****

/home/linuxlite/ti/ccs1040/ccs/utils/bin/gmake -k -j 3 all -O 
 
making ../src/sysbios/rom_sysbios.aem3 ...
gmake[1]: Nothing to be done for 'all'.
Building file: "../project_main.c"
Invoking: Arm Compiler
"/home/linuxlite/ti/ccs1040/ccs/tools/compiler/ti-cgt-arm_20.2.5.LTS/bin/armcl" -mv7M3 --code_state=16 --float_support=none -me --include_path="/home/linuxlite/workspace_v10/empty_CC2650STK_TI/empty_CC2650STK_TI" --include_path="/home/linuxlite/workspace_v10/empty_CC2650STK_TI/empty_CC2650STK_TI" --include_path="/home/linuxlite/ti/tirtos_cc13xx_cc26xx_2_21_01_08/products/cc26xxware_2_24_03_17272" --include_path="/home/linuxlite/ti/ccs1040/ccs/tools/compiler/ti-cgt-arm_20.2.5.LTS/include" --define=ccs -g --diag_warning=225 --diag_warning=255 --diag_wrap=off --display_error_number --gen_func_subsections=on --abi=eabi --preproc_with_compile --preproc_dependency="project_main.d_raw" --cmd_file="configPkg/compiler.opt"  "../project_main.c"
"../project_main.c", line 85: warning #225-D: function "translate_morse_to_text" declared implicitly
"../project_main.c", line 98: warning #161-D: declaration is incompatible with previous "translate_morse_to_text" (declared at line 85)
"../project_main.c", line 115: warning #225-D: function "strcmp" declared implicitly
"../project_main.c", line 200: warning #112-D: statement is unreachable
Finished building: "../project_main.c"
 
making ../src/sysbios/rom_sysbios.aem3 ...
gmake[2]: Nothing to be done for 'all'.
Building target: "empty_CC2650STK_TI.out"
Invoking: Arm Linker
"/home/linuxlite/ti/ccs1040/ccs/tools/compiler/ti-cgt-arm_20.2.5.LTS/bin/armcl" -mv7M3 --code_state=16 --float_support=none -me --define=ccs -g --diag_warning=225 --diag_warning=255 --diag_wrap=off --display_error_number --gen_func_subsections=on --abi=eabi -z -m"empty_CC2650STK_TI.map" --heap_size=0 --stack_size=256 -i"/home/linuxlite/ti/ccs1040/ccs/tools/compiler/ti-cgt-arm_20.2.5.LTS/lib" -i"/home/linuxlite/ti/ccs1040/ccs/tools/compiler/ti-cgt-arm_20.2.5.LTS/include" --reread_libs --diag_wrap=off --display_error_number --warn_sections --xml_link_info="empty_CC2650STK_TI_linkInfo.xml" --rom_model -o "empty_CC2650STK_TI.out" "./CC2650STK.obj" "./project_main.obj" "./sensors/bmp280.obj" "./sensors/hdc1000.obj" "./sensors/mpu9250.obj" "./sensors/opt3001.obj" "./sensors/tmp007.obj" "../CC2650STK.cmd" -l"configPkg/linker.cmd"  -l"/home/linuxlite/ti/tirtos_cc13xx_cc26xx_2_21_01_08/products/cc26xxware_2_24_03_17272/driverlib/bin/ccs/driverlib.lib" -llibc.a 
<Linking>
Finished building target: "empty_CC2650STK_TI.out"
 

**** Build Finished ****

**** Build of configuration Debug for project empty_CC2650STK_TI ****

/home/linuxlite/ti/ccs1040/ccs/utils/bin/gmake -k -j 3 all -O 
 
making ../src/sysbios/rom_sysbios.aem3 ...
gmake[1]: Nothing to be done for 'all'.
making ../src/sysbios/rom_sysbios.aem3 ...
gmake[2]: Nothing to be done for 'all'.

**** Build Finished ****

**** Build of configuration Debug for project empty_CC2650STK_TI ****

/home/linuxlite/ti/ccs1040/ccs/utils/bin/gmake -k -j 3 all -O 
 
making ../src/sysbios/rom_sysbios.aem3 ...
gmake[1]: Nothing to be done for 'all'.
Building file: "../project_main.c"
Invoking: Arm Compiler
"/home/linuxlite/ti/ccs1040/ccs/tools/compiler/ti-cgt-arm_20.2.5.LTS/bin/armcl" -mv7M3 --code_state=16 --float_support=none -me --include_path="/home/linuxlite/workspace_v10/empty_CC2650STK_TI/empty_CC2650STK_TI" --include_path="/home/linuxlite/workspace_v10/empty_CC2650STK_TI/empty_CC2650STK_TI" --include_path="/home/linuxlite/ti/tirtos_cc13xx_cc26xx_2_21_01_08/products/cc26xxware_2_24_03_17272" --include_path="/home/linuxlite/ti/ccs1040/ccs/tools/compiler/ti-cgt-arm_20.2.5.LTS/include" --define=ccs -g --diag_warning=225 --diag_warning=255 --diag_wrap=off --display_error_number --gen_func_subsections=on --abi=eabi --preproc_with_compile --preproc_dependency="project_main.d_raw" --cmd_file="configPkg/compiler.opt"  "../project_main.c"
"../project_main.c", line 85: warning #225-D: function "translate_morse_to_text" declared implicitly
"../project_main.c", line 98: warning #161-D: declaration is incompatible with previous "translate_morse_to_text" (declared at line 85)
"../project_main.c", line 115: warning #225-D: function "strcmp" declared implicitly
"../project_main.c", line 200: warning #112-D: statement is unreachable
Finished building: "../project_main.c"
 
making ../src/sysbios/rom_sysbios.aem3 ...
gmake[2]: Nothing to be done for 'all'.
Building target: "empty_CC2650STK_TI.out"
Invoking: Arm Linker
"/home/linuxlite/ti/ccs1040/ccs/tools/compiler/ti-cgt-arm_20.2.5.LTS/bin/armcl" -mv7M3 --code_state=16 --float_support=none -me --define=ccs -g --diag_warning=225 --diag_warning=255 --diag_wrap=off --display_error_number --gen_func_subsections=on --abi=eabi -z -m"empty_CC2650STK_TI.map" --heap_size=0 --stack_size=256 -i"/home/linuxlite/ti/ccs1040/ccs/tools/compiler/ti-cgt-arm_20.2.5.LTS/lib" -i"/home/linuxlite/ti/ccs1040/ccs/tools/compiler/ti-cgt-arm_20.2.5.LTS/include" --reread_libs --diag_wrap=off --display_error_number --warn_sections --xml_link_info="empty_CC2650STK_TI_linkInfo.xml" --rom_model -o "empty_CC2650STK_TI.out" "./CC2650STK.obj" "./project_main.obj" "./sensors/bmp280.obj" "./sensors/hdc1000.obj" "./sensors/mpu9250.obj" "./sensors/opt3001.obj" "./sensors/tmp007.obj" "../CC2650STK.cmd" -l"configPkg/linker.cmd"  -l"/home/linuxlite/ti/tirtos_cc13xx_cc26xx_2_21_01_08/products/cc26xxware_2_24_03_17272/driverlib/bin/ccs/driverlib.lib" -llibc.a 
<Linking>
Finished building target: "empty_CC2650STK_TI.out"
 

**** Build Finished ****

**** Build of configuration Debug for project empty_CC2650STK_TI ****

/home/linuxlite/ti/ccs1040/ccs/utils/bin/gmake -k -j 3 all -O 
 
making ../src/sysbios/rom_sysbios.aem3 ...
gmake[1]: Nothing to be done for 'all'.
making ../src/sysbios/rom_sysbios.aem3 ...
gmake[2]: Nothing to be done for 'all'.

**** Build Finished ****

**** Build of configuration Debug for project empty_CC2650STK_TI ****

/home/linuxlite/ti/ccs1040/ccs/utils/bin/gmake -k -j 3 all -O 
 
making ../src/sysbios/rom_sysbios.aem3 ...
gmake[1]: Nothing to be done for 'all'.
Building file: "../project_main.c"
Invoking: Arm Compiler
"/home/linuxlite/ti/ccs1040/ccs/tools/compiler/ti-cgt-arm_20.2.5.LTS/bin/armcl" -mv7M3 --code_state=16 --float_support=none -me --include_path="/home/linuxlite/workspace_v10/empty_CC2650STK_TI/empty_CC2650STK_TI" --include_path="/home/linuxlite/workspace_v10/empty_CC2650STK_TI/empty_CC2650STK_TI" --include_path="/home/linuxlite/ti/tirtos_cc13xx_cc26xx_2_21_01_08/products/cc26xxware_2_24_03_17272" --include_path="/home/linuxlite/ti/ccs1040/ccs/tools/compiler/ti-cgt-arm_20.2.5.LTS/include" --define=ccs -g --diag_warning=225 --diag_warning=255 --diag_wrap=off --display_error_number --gen_func_subsections=on --abi=eabi --preproc_with_compile --preproc_dependency="project_main.d_raw" --cmd_file="configPkg/compiler.opt"  "../project_main.c"
"../project_main.c", line 85: warning #225-D: function "translate_morse_to_text" declared implicitly
"../project_main.c", line 98: warning #161-D: declaration is incompatible with previous "translate_morse_to_text" (declared at line 85)
"../project_main.c", line 115: warning #225-D: function "strcmp" declared implicitly
"../project_main.c", line 200: warning #112-D: statement is unreachable
Finished building: "../project_main.c"
 
making ../src/sysbios/rom_sysbios.aem3 ...
gmake[2]: Nothing to be done for 'all'.
Building target: "empty_CC2650STK_TI.out"
Invoking: Arm Linker
"/home/linuxlite/ti/ccs1040/ccs/tools/compiler/ti-cgt-arm_20.2.5.LTS/bin/armcl" -mv7M3 --code_state=16 --float_support=none -me --define=ccs -g --diag_warning=225 --diag_warning=255 --diag_wrap=off --display_error_number --gen_func_subsections=on --abi=eabi -z -m"empty_CC2650STK_TI.map" --heap_size=0 --stack_size=256 -i"/home/linuxlite/ti/ccs1040/ccs/tools/compiler/ti-cgt-arm_20.2.5.LTS/lib" -i"/home/linuxlite/ti/ccs1040/ccs/tools/compiler/ti-cgt-arm_20.2.5.LTS/include" --reread_libs --diag_wrap=off --display_error_number --warn_sections --xml_link_info="empty_CC2650STK_TI_linkInfo.xml" --rom_model -o "empty_CC2650STK_TI.out" "./CC2650STK.obj" "./project_main.obj" "./sensors/bmp280.obj" "./sensors/hdc1000.obj" "./sensors/mpu9250.obj" "./sensors/opt3001.obj" "./sensors/tmp007.obj" "../CC2650STK.cmd" -l"configPkg/linker.cmd"  -l"/home/linuxlite/ti/tirtos_cc13xx_cc26xx_2_21_01_08/products/cc26xxware_2_24_03_17272/driverlib/bin/ccs/driverlib.lib" -llibc.a 
<Linking>
Finished building target: "empty_CC2650STK_TI.out"
 

**** Build Finished ****

**** Build of configuration Debug for project empty_CC2650STK_TI ****

/home/linuxlite/ti/ccs1040/ccs/utils/bin/gmake -k -j 3 all -O 
 
making ../src/sysbios/rom_sysbios.aem3 ...
gmake[1]: Nothing to be done for 'all'.
making ../src/sysbios/rom_sysbios.aem3 ...
gmake[2]: Nothing to be done for 'all'.

**** Build Finished ****

**** Build of configuration Debug for project empty_CC2650STK_TI ****

/home/linuxlite/ti/ccs1040/ccs/utils/bin/gmake -k -j 3 all -O 
 
making ../src/sysbios/rom_sysbios.aem3 ...
gmake[1]: Nothing to be done for 'all'.
making ../src/sysbios/rom_sysbios.aem3 ...
gmake[2]: Nothing to be done for 'all'.

**** Build Finished ****

**** Build of configuration Debug for project empty_CC2650STK_TI ****

/home/linuxlite/ti/ccs1040/ccs/utils/bin/gmake -k -j 3 all -O 
 
making ../src/sysbios/rom_sysbios.aem3 ...
gmake[1]: Nothing to be done for 'all'.
making ../src/sysbios/rom_sysbios.aem3 ...
gmake[2]: Nothing to be done for 'all'.

**** Build Finished ****

**** Build of configuration Debug for project empty_CC2650STK_TI ****

/home/linuxlite/ti/ccs1040/ccs/utils/bin/gmake -k -j 3 all -O 
 
making ../src/sysbios/rom_sysbios.aem3 ...
gmake[1]: Nothing to be done for 'all'.
Building file: "../project_main.c"
Invoking: Arm Compiler
"/home/linuxlite/ti/ccs1040/ccs/tools/compiler/ti-cgt-arm_20.2.5.LTS/bin/armcl" -mv7M3 --code_state=16 --float_support=none -me --include_path="/home/linuxlite/workspace_v10/empty_CC2650STK_TI/empty_CC2650STK_TI" --include_path="/home/linuxlite/workspace_v10/empty_CC2650STK_TI/empty_CC2650STK_TI" --include_path="/home/linuxlite/ti/tirtos_cc13xx_cc26xx_2_21_01_08/products/cc26xxware_2_24_03_17272" --include_path="/home/linuxlite/ti/ccs1040/ccs/tools/compiler/ti-cgt-arm_20.2.5.LTS/include" --define=ccs -g --diag_warning=225 --diag_warning=255 --diag_wrap=off --display_error_number --gen_func_subsections=on --abi=eabi --preproc_with_compile --preproc_dependency="project_main.d_raw" --cmd_file="configPkg/compiler.opt"  "../project_main.c"
"../project_main.c", line 85: warning #225-D: function "translate_morse_to_text" declared implicitly
"../project_main.c", line 98: warning #161-D: declaration is incompatible with previous "translate_morse_to_text" (declared at line 85)
"../project_main.c", line 115: warning #225-D: function "strcmp" declared implicitly
"../project_main.c", line 204: warning #112-D: statement is unreachable
Finished building: "../project_main.c"
 
making ../src/sysbios/rom_sysbios.aem3 ...
gmake[2]: Nothing to be done for 'all'.
Building target: "empty_CC2650STK_TI.out"
Invoking: Arm Linker
"/home/linuxlite/ti/ccs1040/ccs/tools/compiler/ti-cgt-arm_20.2.5.LTS/bin/armcl" -mv7M3 --code_state=16 --float_support=none -me --define=ccs -g --diag_warning=225 --diag_warning=255 --diag_wrap=off --display_error_number --gen_func_subsections=on --abi=eabi -z -m"empty_CC2650STK_TI.map" --heap_size=0 --stack_size=256 -i"/home/linuxlite/ti/ccs1040/ccs/tools/compiler/ti-cgt-arm_20.2.5.LTS/lib" -i"/home/linuxlite/ti/ccs1040/ccs/tools/compiler/ti-cgt-arm_20.2.5.LTS/include" --reread_libs --diag_wrap=off --display_error_number --warn_sections --xml_link_info="empty_CC2650STK_TI_linkInfo.xml" --rom_model -o "empty_CC2650STK_TI.out" "./CC2650STK.obj" "./project_main.obj" "./sensors/bmp280.obj" "./sensors/hdc1000.obj" "./sensors/mpu9250.obj" "./sensors/opt3001.obj" "./sensors/tmp007.obj" "../CC2650STK.cmd" -l"configPkg/linker.cmd"  -l"/home/linuxlite/ti/tirtos_cc13xx_cc26xx_2_21_01_08/products/cc26xxware_2_24_03_17272/driverlib/bin/ccs/driverlib.lib" -llibc.a 
<Linking>
Finished building target: "empty_CC2650STK_TI.out"
 

**** Build Finished ****

**** Build of configuration Debug for project empty_CC2650STK_TI ****

/home/linuxlite/ti/ccs1040/ccs/utils/bin/gmake -k -j 3 all -O 
 
making ../src/sysbios/rom_sysbios.aem3 ...
gmake[1]: Nothing to be done for 'all'.
making ../src/sysbios/rom_sysbios.aem3 ...
gmake[2]: Nothing to be done for 'all'.

**** Build Finished ****

**** Build of configuration Debug for project empty_CC2650STK_TI ****

/home/linuxlite/ti/ccs1040/ccs/utils/bin/gmake -k -j 3 all -O 
 
making ../src/sysbios/rom_sysbios.aem3 ...
gmake[1]: Nothing to be done for 'all'.
Building file: "../project_main.c"
Invoking: Arm Compiler
"/home/linuxlite/ti/ccs1040/ccs/tools/compiler/ti-cgt-arm_20.2.5.LTS/bin/armcl" -mv7M3 --code_state=16 --float_support=none -me --include_path="/home/linuxlite/workspace_v10/empty_CC2650STK_TI/empty_CC2650STK_TI" --include_path="/home/linuxlite/workspace_v10/empty_CC2650STK_TI/empty_CC2650STK_TI" --include_path="/home/linuxlite/ti/tirtos_cc13xx_cc26xx_2_21_01_08/products/cc26xxware_2_24_03_17272" --include_path="/home/linuxlite/ti/ccs1040/ccs/tools/compiler/ti-cgt-arm_20.2.5.LTS/include" --define=ccs -g --diag_warning=225 --diag_warning=255 --diag_wrap=off --display_error_number --gen_func_subsections=on --abi=eabi --preproc_with_compile --preproc_dependency="project_main.d_raw" --cmd_file="configPkg/compiler.opt"  "../project_main.c"
"../project_main.c", line 85: warning #225-D: function "translate_morse_to_text" declared implicitly
"../project_main.c", line 98: warning #161-D: declaration is incompatible with previous "translate_morse_to_text" (declared at line 85)
"../project_main.c", line 115: warning #225-D: function "strcmp" declared implicitly
"../project_main.c", line 205: warning #112-D: statement is unreachable
Finished building: "../project_main.c"
 
making ../src/sysbios/rom_sysbios.aem3 ...
gmake[2]: Nothing to be done for 'all'.
Building target: "empty_CC2650STK_TI.out"
Invoking: Arm Linker
"/home/linuxlite/ti/ccs1040/ccs/tools/compiler/ti-cgt-arm_20.2.5.LTS/bin/armcl" -mv7M3 --code_state=16 --float_support=none -me --define=ccs -g --diag_warning=225 --diag_warning=255 --diag_wrap=off --display_error_number --gen_func_subsections=on --abi=eabi -z -m"empty_CC2650STK_TI.map" --heap_size=0 --stack_size=256 -i"/home/linuxlite/ti/ccs1040/ccs/tools/compiler/ti-cgt-arm_20.2.5.LTS/lib" -i"/home/linuxlite/ti/ccs1040/ccs/tools/compiler/ti-cgt-arm_20.2.5.LTS/include" --reread_libs --diag_wrap=off --display_error_number --warn_sections --xml_link_info="empty_CC2650STK_TI_linkInfo.xml" --rom_model -o "empty_CC2650STK_TI.out" "./CC2650STK.obj" "./project_main.obj" "./sensors/bmp280.obj" "./sensors/hdc1000.obj" "./sensors/mpu9250.obj" "./sensors/opt3001.obj" "./sensors/tmp007.obj" "../CC2650STK.cmd" -l"configPkg/linker.cmd"  -l"/home/linuxlite/ti/tirtos_cc13xx_cc26xx_2_21_01_08/products/cc26xxware_2_24_03_17272/driverlib/bin/ccs/driverlib.lib" -llibc.a 
<Linking>
Finished building target: "empty_CC2650STK_TI.out"
 

**** Build Finished ****

**** Build of configuration Debug for project empty_CC2650STK_TI ****

/home/linuxlite/ti/ccs1040/ccs/utils/bin/gmake -k -j 3 all -O 
 
making ../src/sysbios/rom_sysbios.aem3 ...
gmake[1]: Nothing to be done for 'all'.
Building file: "../project_main.c"
Invoking: Arm Compiler
"/home/linuxlite/ti/ccs1040/ccs/tools/compiler/ti-cgt-arm_20.2.5.LTS/bin/armcl" -mv7M3 --code_state=16 --float_support=none -me --include_path="/home/linuxlite/workspace_v10/empty_CC2650STK_TI/empty_CC2650STK_TI" --include_path="/home/linuxlite/workspace_v10/empty_CC2650STK_TI/empty_CC2650STK_TI" --include_path="/home/linuxlite/ti/tirtos_cc13xx_cc26xx_2_21_01_08/products/cc26xxware_2_24_03_17272" --include_path="/home/linuxlite/ti/ccs1040/ccs/tools/compiler/ti-cgt-arm_20.2.5.LTS/include" --define=ccs -g --diag_warning=225 --diag_warning=255 --diag_wrap=off --display_error_number --gen_func_subsections=on --abi=eabi --preproc_with_compile --preproc_dependency="project_main.d_raw" --cmd_file="configPkg/compiler.opt"  "../project_main.c"
"../project_main.c", line 85: warning #225-D: function "translate_morse_to_text" declared implicitly
"../project_main.c", line 98: warning #161-D: declaration is incompatible with previous "translate_morse_to_text" (declared at line 85)
"../project_main.c", line 115: warning #225-D: function "strcmp" declared implicitly
"../project_main.c", line 204: warning #112-D: statement is unreachable
Finished building: "../project_main.c"
 
making ../src/sysbios/rom_sysbios.aem3 ...
gmake[2]: Nothing to be done for 'all'.
Building target: "empty_CC2650STK_TI.out"
Invoking: Arm Linker
"/home/linuxlite/ti/ccs1040/ccs/tools/compiler/ti-cgt-arm_20.2.5.LTS/bin/armcl" -mv7M3 --code_state=16 --float_support=none -me --define=ccs -g --diag_warning=225 --diag_warning=255 --diag_wrap=off --display_error_number --gen_func_subsections=on --abi=eabi -z -m"empty_CC2650STK_TI.map" --heap_size=0 --stack_size=256 -i"/home/linuxlite/ti/ccs1040/ccs/tools/compiler/ti-cgt-arm_20.2.5.LTS/lib" -i"/home/linuxlite/ti/ccs1040/ccs/tools/compiler/ti-cgt-arm_20.2.5.LTS/include" --reread_libs --diag_wrap=off --display_error_number --warn_sections --xml_link_info="empty_CC2650STK_TI_linkInfo.xml" --rom_model -o "empty_CC2650STK_TI.out" "./CC2650STK.obj" "./project_main.obj" "./sensors/bmp280.obj" "./sensors/hdc1000.obj" "./sensors/mpu9250.obj" "./sensors/opt3001.obj" "./sensors/tmp007.obj" "../CC2650STK.cmd" -l"configPkg/linker.cmd"  -l"/home/linuxlite/ti/tirtos_cc13xx_cc26xx_2_21_01_08/products/cc26xxware_2_24_03_17272/driverlib/bin/ccs/driverlib.lib" -llibc.a 
<Linking>
Finished building target: "empty_CC2650STK_TI.out"
 

**** Build Finished ****

**** Build of configuration Debug for project empty_CC2650STK_TI ****

/home/linuxlite/ti/ccs1040/ccs/utils/bin/gmake -k -j 3 all -O 
 
making ../src/sysbios/rom_sysbios.aem3 ...
gmake[1]: Nothing to be done for 'all'.
Building file: "../project_main.c"
Invoking: Arm Compiler
"/home/linuxlite/ti/ccs1040/ccs/tools/compiler/ti-cgt-arm_20.2.5.LTS/bin/armcl" -mv7M3 --code_state=16 --float_support=none -me --include_path="/home/linuxlite/workspace_v10/empty_CC2650STK_TI/empty_CC2650STK_TI" --include_path="/home/linuxlite/workspace_v10/empty_CC2650STK_TI/empty_CC2650STK_TI" --include_path="/home/linuxlite/ti/tirtos_cc13xx_cc26xx_2_21_01_08/products/cc26xxware_2_24_03_17272" --include_path="/home/linuxlite/ti/ccs1040/ccs/tools/compiler/ti-cgt-arm_20.2.5.LTS/include" --define=ccs -g --diag_warning=225 --diag_warning=255 --diag_wrap=off --display_error_number --gen_func_subsections=on --abi=eabi --preproc_with_compile --preproc_dependency="project_main.d_raw" --cmd_file="configPkg/compiler.opt"  "../project_main.c"
 
>> Compilation failure
subdir_rules.mk:7: recipe for target 'project_main.obj' failed
"../project_main.c", line 85: warning #225-D: function "translate_morse_to_text" declared implicitly
"../project_main.c", line 98: warning #161-D: declaration is incompatible with previous "translate_morse_to_text" (declared at line 85)
"../project_main.c", line 115: warning #225-D: function "strcmp" declared implicitly
"../project_main.c", line 193: error #20: identifier "programstate" is undefined
"../project_main.c", line 193: error #18: expected a ")"
"../project_main.c", line 203: warning #112-D: statement is unreachable
2 errors detected in the compilation of "../project_main.c".
gmake: *** [project_main.obj] Error 1
gmake: Target 'all' not remade because of errors.

**** Build Finished ****

**** Build of configuration Debug for project empty_CC2650STK_TI ****

/home/linuxlite/ti/ccs1040/ccs/utils/bin/gmake -k -j 3 all -O 
 
making ../src/sysbios/rom_sysbios.aem3 ...
gmake[1]: Nothing to be done for 'all'.
Building file: "../project_main.c"
Invoking: Arm Compiler
"/home/linuxlite/ti/ccs1040/ccs/tools/compiler/ti-cgt-arm_20.2.5.LTS/bin/armcl" -mv7M3 --code_state=16 --float_support=none -me --include_path="/home/linuxlite/workspace_v10/empty_CC2650STK_TI/empty_CC2650STK_TI" --include_path="/home/linuxlite/workspace_v10/empty_CC2650STK_TI/empty_CC2650STK_TI" --include_path="/home/linuxlite/ti/tirtos_cc13xx_cc26xx_2_21_01_08/products/cc26xxware_2_24_03_17272" --include_path="/home/linuxlite/ti/ccs1040/ccs/tools/compiler/ti-cgt-arm_20.2.5.LTS/include" --define=ccs -g --diag_warning=225 --diag_warning=255 --diag_wrap=off --display_error_number --gen_func_subsections=on --abi=eabi --preproc_with_compile --preproc_dependency="project_main.d_raw" --cmd_file="configPkg/compiler.opt"  "../project_main.c"
 
>> Compilation failure
subdir_rules.mk:7: recipe for target 'project_main.obj' failed
"../project_main.c", line 85: warning #225-D: function "translate_morse_to_text" declared implicitly
"../project_main.c", line 98: warning #161-D: declaration is incompatible with previous "translate_morse_to_text" (declared at line 85)
"../project_main.c", line 115: warning #225-D: function "strcmp" declared implicitly
"../project_main.c", line 193: error #20: identifier "programstate" is undefined
"../project_main.c", line 193: error #18: expected a ")"
"../project_main.c", line 203: warning #112-D: statement is unreachable
2 errors detected in the compilation of "../project_main.c".
gmake: *** [project_main.obj] Error 1
gmake: Target 'all' not remade because of errors.

**** Build Finished ****

**** Build of configuration Debug for project empty_CC2650STK_TI ****

/home/linuxlite/ti/ccs1040/ccs/utils/bin/gmake -k -j 3 all -O 
 
making ../src/sysbios/rom_sysbios.aem3 ...
gmake[1]: Nothing to be done for 'all'.
Building file: "../project_main.c"
Invoking: Arm Compiler
"/home/linuxlite/ti/ccs1040/ccs/tools/compiler/ti-cgt-arm_20.2.5.LTS/bin/armcl" -mv7M3 --code_state=16 --float_support=none -me --include_path="/home/linuxlite/workspace_v10/empty_CC2650STK_TI/empty_CC2650STK_TI" --include_path="/home/linuxlite/workspace_v10/empty_CC2650STK_TI/empty_CC2650STK_TI" --include_path="/home/linuxlite/ti/tirtos_cc13xx_cc26xx_2_21_01_08/products/cc26xxware_2_24_03_17272" --include_path="/home/linuxlite/ti/ccs1040/ccs/tools/compiler/ti-cgt-arm_20.2.5.LTS/include" --define=ccs -g --diag_warning=225 --diag_warning=255 --diag_wrap=off --display_error_number --gen_func_subsections=on --abi=eabi --preproc_with_compile --preproc_dependency="project_main.d_raw" --cmd_file="configPkg/compiler.opt"  "../project_main.c"
 
>> Compilation failure
subdir_rules.mk:7: recipe for target 'project_main.obj' failed
"../project_main.c", line 85: warning #225-D: function "translate_morse_to_text" declared implicitly
"../project_main.c", line 98: warning #161-D: declaration is incompatible with previous "translate_morse_to_text" (declared at line 85)
"../project_main.c", line 115: warning #225-D: function "strcmp" declared implicitly
"../project_main.c", line 193: error #18: expected a ")"
"../project_main.c", line 203: warning #112-D: statement is unreachable
1 error detected in the compilation of "../project_main.c".
gmake: *** [project_main.obj] Error 1
gmake: Target 'all' not remade because of errors.

**** Build Finished ****

**** Build of configuration Debug for project empty_CC2650STK_TI ****

/home/linuxlite/ti/ccs1040/ccs/utils/bin/gmake -k -j 3 all -O 
 
making ../src/sysbios/rom_sysbios.aem3 ...
gmake[1]: Nothing to be done for 'all'.
Building file: "../project_main.c"
Invoking: Arm Compiler
"/home/linuxlite/ti/ccs1040/ccs/tools/compiler/ti-cgt-arm_20.2.5.LTS/bin/armcl" -mv7M3 --code_state=16 --float_support=none -me --include_path="/home/linuxlite/workspace_v10/empty_CC2650STK_TI/empty_CC2650STK_TI" --include_path="/home/linuxlite/workspace_v10/empty_CC2650STK_TI/empty_CC2650STK_TI" --include_path="/home/linuxlite/ti/tirtos_cc13xx_cc26xx_2_21_01_08/products/cc26xxware_2_24_03_17272" --include_path="/home/linuxlite/ti/ccs1040/ccs/tools/compiler/ti-cgt-arm_20.2.5.LTS/include" --define=ccs -g --diag_warning=225 --diag_warning=255 --diag_wrap=off --display_error_number --gen_func_subsections=on --abi=eabi --preproc_with_compile --preproc_dependency="project_main.d_raw" --cmd_file="configPkg/compiler.opt"  "../project_main.c"
 
>> Compilation failure
subdir_rules.mk:7: recipe for target 'project_main.obj' failed
"../project_main.c", line 85: warning #225-D: function "translate_morse_to_text" declared implicitly
"../project_main.c", line 98: warning #161-D: declaration is incompatible with previous "translate_morse_to_text" (declared at line 85)
"../project_main.c", line 115: warning #225-D: function "strcmp" declared implicitly
"../project_main.c", line 193: error #18: expected a ")"
"../project_main.c", line 203: warning #112-D: statement is unreachable
1 error detected in the compilation of "../project_main.c".
gmake: *** [project_main.obj] Error 1
gmake: Target 'all' not remade because of errors.

**** Build Finished ****

**** Build of configuration Debug for project empty_CC2650STK_TI ****

/home/linuxlite/ti/ccs1040/ccs/utils/bin/gmake -k -j 3 all -O 
 
making ../src/sysbios/rom_sysbios.aem3 ...
gmake[1]: Nothing to be done for 'all'.
Building file: "../project_main.c"
Invoking: Arm Compiler
"/home/linuxlite/ti/ccs1040/ccs/tools/compiler/ti-cgt-arm_20.2.5.LTS/bin/armcl" -mv7M3 --code_state=16 --float_support=none -me --include_path="/home/linuxlite/workspace_v10/empty_CC2650STK_TI/empty_CC2650STK_TI" --include_path="/home/linuxlite/workspace_v10/empty_CC2650STK_TI/empty_CC2650STK_TI" --include_path="/home/linuxlite/ti/tirtos_cc13xx_cc26xx_2_21_01_08/products/cc26xxware_2_24_03_17272" --include_path="/home/linuxlite/ti/ccs1040/ccs/tools/compiler/ti-cgt-arm_20.2.5.LTS/include" --define=ccs -g --diag_warning=225 --diag_warning=255 --diag_wrap=off --display_error_number --gen_func_subsections=on --abi=eabi --preproc_with_compile --preproc_dependency="project_main.d_raw" --cmd_file="configPkg/compiler.opt"  "../project_main.c"
"../project_main.c", line 85: warning #225-D: function "translate_morse_to_text" declared implicitly
"../project_main.c", line 98: warning #161-D: declaration is incompatible with previous "translate_morse_to_text" (declared at line 85)
"../project_main.c", line 115: warning #225-D: function "strcmp" declared implicitly
"../project_main.c", line 203: warning #112-D: statement is unreachable
Finished building: "../project_main.c"
 
making ../src/sysbios/rom_sysbios.aem3 ...
gmake[2]: Nothing to be done for 'all'.
Building target: "empty_CC2650STK_TI.out"
Invoking: Arm Linker
"/home/linuxlite/ti/ccs1040/ccs/tools/compiler/ti-cgt-arm_20.2.5.LTS/bin/armcl" -mv7M3 --code_state=16 --float_support=none -me --define=ccs -g --diag_warning=225 --diag_warning=255 --diag_wrap=off --display_error_number --gen_func_subsections=on --abi=eabi -z -m"empty_CC2650STK_TI.map" --heap_size=0 --stack_size=256 -i"/home/linuxlite/ti/ccs1040/ccs/tools/compiler/ti-cgt-arm_20.2.5.LTS/lib" -i"/home/linuxlite/ti/ccs1040/ccs/tools/compiler/ti-cgt-arm_20.2.5.LTS/include" --reread_libs --diag_wrap=off --display_error_number --warn_sections --xml_link_info="empty_CC2650STK_TI_linkInfo.xml" --rom_model -o "empty_CC2650STK_TI.out" "./CC2650STK.obj" "./project_main.obj" "./sensors/bmp280.obj" "./sensors/hdc1000.obj" "./sensors/mpu9250.obj" "./sensors/opt3001.obj" "./sensors/tmp007.obj" "../CC2650STK.cmd" -l"configPkg/linker.cmd"  -l"/home/linuxlite/ti/tirtos_cc13xx_cc26xx_2_21_01_08/products/cc26xxware_2_24_03_17272/driverlib/bin/ccs/driverlib.lib" -llibc.a 
<Linking>
Finished building target: "empty_CC2650STK_TI.out"
 

**** Build Finished ****

**** Build of configuration Debug for project empty_CC2650STK_TI ****

/home/linuxlite/ti/ccs1040/ccs/utils/bin/gmake -k -j 3 all -O 
 
making ../src/sysbios/rom_sysbios.aem3 ...
gmake[1]: Nothing to be done for 'all'.
making ../src/sysbios/rom_sysbios.aem3 ...
gmake[2]: Nothing to be done for 'all'.

**** Build Finished ****

**** Build of configuration Debug for project empty_CC2650STK_TI ****

/home/linuxlite/ti/ccs1040/ccs/utils/bin/gmake -k -j 3 all -O 
 
making ../src/sysbios/rom_sysbios.aem3 ...
gmake[1]: Nothing to be done for 'all'.
making ../src/sysbios/rom_sysbios.aem3 ...
gmake[2]: Nothing to be done for 'all'.

**** Build Finished ****

**** Build of configuration Debug for project empty_CC2650STK_TI ****

/home/linuxlite/ti/ccs1040/ccs/utils/bin/gmake -k -j 3 all -O 
 
making ../src/sysbios/rom_sysbios.aem3 ...
gmake[1]: Nothing to be done for 'all'.
Building file: "../project_main.c"
Invoking: Arm Compiler
"/home/linuxlite/ti/ccs1040/ccs/tools/compiler/ti-cgt-arm_20.2.5.LTS/bin/armcl" -mv7M3 --code_state=16 --float_support=none -me --include_path="/home/linuxlite/workspace_v10/empty_CC2650STK_TI/empty_CC2650STK_TI" --include_path="/home/linuxlite/workspace_v10/empty_CC2650STK_TI/empty_CC2650STK_TI" --include_path="/home/linuxlite/ti/tirtos_cc13xx_cc26xx_2_21_01_08/products/cc26xxware_2_24_03_17272" --include_path="/home/linuxlite/ti/ccs1040/ccs/tools/compiler/ti-cgt-arm_20.2.5.LTS/include" --define=ccs -g --diag_warning=225 --diag_warning=255 --diag_wrap=off --display_error_number --gen_func_subsections=on --abi=eabi --preproc_with_compile --preproc_dependency="project_main.d_raw" --cmd_file="configPkg/compiler.opt"  "../project_main.c"
"../project_main.c", line 85: warning #225-D: function "translate_morse_to_text" declared implicitly
"../project_main.c", line 98: warning #161-D: declaration is incompatible with previous "translate_morse_to_text" (declared at line 85)
"../project_main.c", line 115: warning #225-D: function "strcmp" declared implicitly
"../project_main.c", line 203: warning #112-D: statement is unreachable
"../project_main.c", line 238: warning #225-D: function "System_print" declared implicitly
"../project_main.c", line 249: warning #189-D: use of "=" where "==" may have been intended
"../project_main.c", line 254: warning #189-D: use of "=" where "==" may have been intended
Finished building: "../project_main.c"
 
making ../src/sysbios/rom_sysbios.aem3 ...
gmake[2]: Nothing to be done for 'all'.
Building target: "empty_CC2650STK_TI.out"
Invoking: Arm Linker
"/home/linuxlite/ti/ccs1040/ccs/tools/compiler/ti-cgt-arm_20.2.5.LTS/bin/armcl" -mv7M3 --code_state=16 --float_support=none -me --define=ccs -g --diag_warning=225 --diag_warning=255 --diag_wrap=off --display_error_number --gen_func_subsections=on --abi=eabi -z -m"empty_CC2650STK_TI.map" --heap_size=0 --stack_size=256 -i"/home/linuxlite/ti/ccs1040/ccs/tools/compiler/ti-cgt-arm_20.2.5.LTS/lib" -i"/home/linuxlite/ti/ccs1040/ccs/tools/compiler/ti-cgt-arm_20.2.5.LTS/include" --reread_libs --diag_wrap=off --display_error_number --warn_sections --xml_link_info="empty_CC2650STK_TI_linkInfo.xml" --rom_model -o "empty_CC2650STK_TI.out" "./CC2650STK.obj" "./project_main.obj" "./sensors/bmp280.obj" "./sensors/hdc1000.obj" "./sensors/mpu9250.obj" "./sensors/opt3001.obj" "./sensors/tmp007.obj" "../CC2650STK.cmd" -l"configPkg/linker.cmd"  -l"/home/linuxlite/ti/tirtos_cc13xx_cc26xx_2_21_01_08/products/cc26xxware_2_24_03_17272/driverlib/bin/ccs/driverlib.lib" -llibc.a 
<Linking>
 
 undefined    first referenced  
  symbol          in file       
 ---------    ----------------  
 System_print ./project_main.obj
 
error #10234-D: unresolved symbols remain
error #10010: errors encountered during linking; "empty_CC2650STK_TI.out" not built
 
>> Compilation failure
makefile:148: recipe for target 'empty_CC2650STK_TI.out' failed
gmake[1]: *** [empty_CC2650STK_TI.out] Error 1
gmake: *** [all] Error 2
makefile:144: recipe for target 'all' failed

**** Build Finished ****

**** Build of configuration Debug for project empty_CC2650STK_TI ****

/home/linuxlite/ti/ccs1040/ccs/utils/bin/gmake -k -j 3 all -O 
 
making ../src/sysbios/rom_sysbios.aem3 ...
gmake[1]: Nothing to be done for 'all'.
making ../src/sysbios/rom_sysbios.aem3 ...
gmake[2]: Nothing to be done for 'all'.
Building target: "empty_CC2650STK_TI.out"
Invoking: Arm Linker
"/home/linuxlite/ti/ccs1040/ccs/tools/compiler/ti-cgt-arm_20.2.5.LTS/bin/armcl" -mv7M3 --code_state=16 --float_support=none -me --define=ccs -g --diag_warning=225 --diag_warning=255 --diag_wrap=off --display_error_number --gen_func_subsections=on --abi=eabi -z -m"empty_CC2650STK_TI.map" --heap_size=0 --stack_size=256 -i"/home/linuxlite/ti/ccs1040/ccs/tools/compiler/ti-cgt-arm_20.2.5.LTS/lib" -i"/home/linuxlite/ti/ccs1040/ccs/tools/compiler/ti-cgt-arm_20.2.5.LTS/include" --reread_libs --diag_wrap=off --display_error_number --warn_sections --xml_link_info="empty_CC2650STK_TI_linkInfo.xml" --rom_model -o "empty_CC2650STK_TI.out" "./CC2650STK.obj" "./project_main.obj" "./sensors/bmp280.obj" "./sensors/hdc1000.obj" "./sensors/mpu9250.obj" "./sensors/opt3001.obj" "./sensors/tmp007.obj" "../CC2650STK.cmd" -l"configPkg/linker.cmd"  -l"/home/linuxlite/ti/tirtos_cc13xx_cc26xx_2_21_01_08/products/cc26xxware_2_24_03_17272/driverlib/bin/ccs/driverlib.lib" -llibc.a 
<Linking>
 
 undefined    first referenced  
  symbol          in file       
 ---------    ----------------  
 System_print ./project_main.obj
 
error #10234-D: unresolved symbols remain
error #10010: errors encountered during linking; "empty_CC2650STK_TI.out" not built
 
>> Compilation failure
gmake[1]: *** [empty_CC2650STK_TI.out] Error 1
makefile:148: recipe for target 'empty_CC2650STK_TI.out' failed
gmake: *** [all] Error 2
makefile:144: recipe for target 'all' failed

**** Build Finished ****

**** Build of configuration Debug for project empty_CC2650STK_TI ****

/home/linuxlite/ti/ccs1040/ccs/utils/bin/gmake -k -j 3 all -O 
 
making ../src/sysbios/rom_sysbios.aem3 ...
gmake[1]: Nothing to be done for 'all'.
Building file: "../project_main.c"
Invoking: Arm Compiler
"/home/linuxlite/ti/ccs1040/ccs/tools/compiler/ti-cgt-arm_20.2.5.LTS/bin/armcl" -mv7M3 --code_state=16 --float_support=none -me --include_path="/home/linuxlite/workspace_v10/empty_CC2650STK_TI/empty_CC2650STK_TI" --include_path="/home/linuxlite/workspace_v10/empty_CC2650STK_TI/empty_CC2650STK_TI" --include_path="/home/linuxlite/ti/tirtos_cc13xx_cc26xx_2_21_01_08/products/cc26xxware_2_24_03_17272" --include_path="/home/linuxlite/ti/ccs1040/ccs/tools/compiler/ti-cgt-arm_20.2.5.LTS/include" --define=ccs -g --diag_warning=225 --diag_warning=255 --diag_wrap=off --display_error_number --gen_func_subsections=on --abi=eabi --preproc_with_compile --preproc_dependency="project_main.d_raw" --cmd_file="configPkg/compiler.opt"  "../project_main.c"
"../project_main.c", line 85: warning #225-D: function "translate_morse_to_text" declared implicitly
"../project_main.c", line 98: warning #161-D: declaration is incompatible with previous "translate_morse_to_text" (declared at line 85)
"../project_main.c", line 115: warning #225-D: function "strcmp" declared implicitly
"../project_main.c", line 203: warning #112-D: statement is unreachable
"../project_main.c", line 238: warning #225-D: function "System_print" declared implicitly
"../project_main.c", line 249: warning #189-D: use of "=" where "==" may have been intended
"../project_main.c", line 254: warning #189-D: use of "=" where "==" may have been intended
Finished building: "../project_main.c"
 
making ../src/sysbios/rom_sysbios.aem3 ...
gmake[2]: Nothing to be done for 'all'.
Building target: "empty_CC2650STK_TI.out"
Invoking: Arm Linker
"/home/linuxlite/ti/ccs1040/ccs/tools/compiler/ti-cgt-arm_20.2.5.LTS/bin/armcl" -mv7M3 --code_state=16 --float_support=none -me --define=ccs -g --diag_warning=225 --diag_warning=255 --diag_wrap=off --display_error_number --gen_func_subsections=on --abi=eabi -z -m"empty_CC2650STK_TI.map" --heap_size=0 --stack_size=256 -i"/home/linuxlite/ti/ccs1040/ccs/tools/compiler/ti-cgt-arm_20.2.5.LTS/lib" -i"/home/linuxlite/ti/ccs1040/ccs/tools/compiler/ti-cgt-arm_20.2.5.LTS/include" --reread_libs --diag_wrap=off --display_error_number --warn_sections --xml_link_info="empty_CC2650STK_TI_linkInfo.xml" --rom_model -o "empty_CC2650STK_TI.out" "./CC2650STK.obj" "./project_main.obj" "./sensors/bmp280.obj" "./sensors/hdc1000.obj" "./sensors/mpu9250.obj" "./sensors/opt3001.obj" "./sensors/tmp007.obj" "../CC2650STK.cmd" -l"configPkg/linker.cmd"  -l"/home/linuxlite/ti/tirtos_cc13xx_cc26xx_2_21_01_08/products/cc26xxware_2_24_03_17272/driverlib/bin/ccs/driverlib.lib" -llibc.a 
<Linking>
 
 undefined    first referenced  
  symbol          in file       
 ---------    ----------------  
 System_print ./project_main.obj
 
error #10234-D: unresolved symbols remain
error #10010: errors encountered during linking; "empty_CC2650STK_TI.out" not built
gmake[1]: *** [empty_CC2650STK_TI.out] Error 1
gmake: *** [all] Error 2
 
>> Compilation failure
makefile:148: recipe for target 'empty_CC2650STK_TI.out' failed
makefile:144: recipe for target 'all' failed

**** Build Finished ****

**** Build of configuration Debug for project empty_CC2650STK_TI ****

/home/linuxlite/ti/ccs1040/ccs/utils/bin/gmake -k -j 3 all -O 
 
making ../src/sysbios/rom_sysbios.aem3 ...
gmake[1]: Nothing to be done for 'all'.
Building file: "../project_main.c"
Invoking: Arm Compiler
"/home/linuxlite/ti/ccs1040/ccs/tools/compiler/ti-cgt-arm_20.2.5.LTS/bin/armcl" -mv7M3 --code_state=16 --float_support=none -me --include_path="/home/linuxlite/workspace_v10/empty_CC2650STK_TI/empty_CC2650STK_TI" --include_path="/home/linuxlite/workspace_v10/empty_CC2650STK_TI/empty_CC2650STK_TI" --include_path="/home/linuxlite/ti/tirtos_cc13xx_cc26xx_2_21_01_08/products/cc26xxware_2_24_03_17272" --include_path="/home/linuxlite/ti/ccs1040/ccs/tools/compiler/ti-cgt-arm_20.2.5.LTS/include" --define=ccs -g --diag_warning=225 --diag_warning=255 --diag_wrap=off --display_error_number --gen_func_subsections=on --abi=eabi --preproc_with_compile --preproc_dependency="project_main.d_raw" --cmd_file="configPkg/compiler.opt"  "../project_main.c"
"../project_main.c", line 85: warning #225-D: function "translate_morse_to_text" declared implicitly
"../project_main.c", line 98: warning #161-D: declaration is incompatible with previous "translate_morse_to_text" (declared at line 85)
"../project_main.c", line 115: warning #225-D: function "strcmp" declared implicitly
"../project_main.c", line 203: warning #112-D: statement is unreachable
"../project_main.c", line 238: warning #225-D: function "System_print" declared implicitly
Finished building: "../project_main.c"
 
making ../src/sysbios/rom_sysbios.aem3 ...
gmake[2]: Nothing to be done for 'all'.
Building target: "empty_CC2650STK_TI.out"
Invoking: Arm Linker
"/home/linuxlite/ti/ccs1040/ccs/tools/compiler/ti-cgt-arm_20.2.5.LTS/bin/armcl" -mv7M3 --code_state=16 --float_support=none -me --define=ccs -g --diag_warning=225 --diag_warning=255 --diag_wrap=off --display_error_number --gen_func_subsections=on --abi=eabi -z -m"empty_CC2650STK_TI.map" --heap_size=0 --stack_size=256 -i"/home/linuxlite/ti/ccs1040/ccs/tools/compiler/ti-cgt-arm_20.2.5.LTS/lib" -i"/home/linuxlite/ti/ccs1040/ccs/tools/compiler/ti-cgt-arm_20.2.5.LTS/include" --reread_libs --diag_wrap=off --display_error_number --warn_sections --xml_link_info="empty_CC2650STK_TI_linkInfo.xml" --rom_model -o "empty_CC2650STK_TI.out" "./CC2650STK.obj" "./project_main.obj" "./sensors/bmp280.obj" "./sensors/hdc1000.obj" "./sensors/mpu9250.obj" "./sensors/opt3001.obj" "./sensors/tmp007.obj" "../CC2650STK.cmd" -l"configPkg/linker.cmd"  -l"/home/linuxlite/ti/tirtos_cc13xx_cc26xx_2_21_01_08/products/cc26xxware_2_24_03_17272/driverlib/bin/ccs/driverlib.lib" -llibc.a 
<Linking>
 
 undefined    first referenced  
  symbol          in file       
 ---------    ----------------  
 System_print ./project_main.obj
 
error #10234-D: unresolved symbols remain
error #10010: errors encountered during linking; "empty_CC2650STK_TI.out" not built
 
>> Compilation failure
makefile:148: recipe for target 'empty_CC2650STK_TI.out' failed
gmake[1]: *** [empty_CC2650STK_TI.out] Error 1
gmake: *** [all] Error 2
makefile:144: recipe for target 'all' failed

**** Build Finished ****

**** Build of configuration Debug for project empty_CC2650STK_TI ****

/home/linuxlite/ti/ccs1040/ccs/utils/bin/gmake -k -j 3 all -O 
 
making ../src/sysbios/rom_sysbios.aem3 ...
gmake[1]: Nothing to be done for 'all'.
Building file: "../project_main.c"
Invoking: Arm Compiler
"/home/linuxlite/ti/ccs1040/ccs/tools/compiler/ti-cgt-arm_20.2.5.LTS/bin/armcl" -mv7M3 --code_state=16 --float_support=none -me --include_path="/home/linuxlite/workspace_v10/empty_CC2650STK_TI/empty_CC2650STK_TI" --include_path="/home/linuxlite/workspace_v10/empty_CC2650STK_TI/empty_CC2650STK_TI" --include_path="/home/linuxlite/ti/tirtos_cc13xx_cc26xx_2_21_01_08/products/cc26xxware_2_24_03_17272" --include_path="/home/linuxlite/ti/ccs1040/ccs/tools/compiler/ti-cgt-arm_20.2.5.LTS/include" --define=ccs -g --diag_warning=225 --diag_warning=255 --diag_wrap=off --display_error_number --gen_func_subsections=on --abi=eabi --preproc_with_compile --preproc_dependency="project_main.d_raw" --cmd_file="configPkg/compiler.opt"  "../project_main.c"
"../project_main.c", line 85: warning #225-D: function "translate_morse_to_text" declared implicitly
"../project_main.c", line 98: warning #161-D: declaration is incompatible with previous "translate_morse_to_text" (declared at line 85)
"../project_main.c", line 115: warning #225-D: function "strcmp" declared implicitly
"../project_main.c", line 203: warning #112-D: statement is unreachable
Finished building: "../project_main.c"
 
making ../src/sysbios/rom_sysbios.aem3 ...
gmake[2]: Nothing to be done for 'all'.
Building target: "empty_CC2650STK_TI.out"
Invoking: Arm Linker
"/home/linuxlite/ti/ccs1040/ccs/tools/compiler/ti-cgt-arm_20.2.5.LTS/bin/armcl" -mv7M3 --code_state=16 --float_support=none -me --define=ccs -g --diag_warning=225 --diag_warning=255 --diag_wrap=off --display_error_number --gen_func_subsections=on --abi=eabi -z -m"empty_CC2650STK_TI.map" --heap_size=0 --stack_size=256 -i"/home/linuxlite/ti/ccs1040/ccs/tools/compiler/ti-cgt-arm_20.2.5.LTS/lib" -i"/home/linuxlite/ti/ccs1040/ccs/tools/compiler/ti-cgt-arm_20.2.5.LTS/include" --reread_libs --diag_wrap=off --display_error_number --warn_sections --xml_link_info="empty_CC2650STK_TI_linkInfo.xml" --rom_model -o "empty_CC2650STK_TI.out" "./CC2650STK.obj" "./project_main.obj" "./sensors/bmp280.obj" "./sensors/hdc1000.obj" "./sensors/mpu9250.obj" "./sensors/opt3001.obj" "./sensors/tmp007.obj" "../CC2650STK.cmd" -l"configPkg/linker.cmd"  -l"/home/linuxlite/ti/tirtos_cc13xx_cc26xx_2_21_01_08/products/cc26xxware_2_24_03_17272/driverlib/bin/ccs/driverlib.lib" -llibc.a 
<Linking>
Finished building target: "empty_CC2650STK_TI.out"
 

**** Build Finished ****

**** Build of configuration Debug for project empty_CC2650STK_TI ****

/home/linuxlite/ti/ccs1040/ccs/utils/bin/gmake -k -j 3 all -O 
 
making ../src/sysbios/rom_sysbios.aem3 ...
gmake[1]: Nothing to be done for 'all'.
making ../src/sysbios/rom_sysbios.aem3 ...
gmake[2]: Nothing to be done for 'all'.

**** Build Finished ****

**** Build of configuration Debug for project empty_CC2650STK_TI ****

/home/linuxlite/ti/ccs1040/ccs/utils/bin/gmake -k -j 3 all -O 
 
making ../src/sysbios/rom_sysbios.aem3 ...
gmake[1]: Nothing to be done for 'all'.
Building file: "../project_main.c"
Invoking: Arm Compiler
"/home/linuxlite/ti/ccs1040/ccs/tools/compiler/ti-cgt-arm_20.2.5.LTS/bin/armcl" -mv7M3 --code_state=16 --float_support=none -me --include_path="/home/linuxlite/workspace_v10/empty_CC2650STK_TI/empty_CC2650STK_TI" --include_path="/home/linuxlite/workspace_v10/empty_CC2650STK_TI/empty_CC2650STK_TI" --include_path="/home/linuxlite/ti/tirtos_cc13xx_cc26xx_2_21_01_08/products/cc26xxware_2_24_03_17272" --include_path="/home/linuxlite/ti/ccs1040/ccs/tools/compiler/ti-cgt-arm_20.2.5.LTS/include" --define=ccs -g --diag_warning=225 --diag_warning=255 --diag_wrap=off --display_error_number --gen_func_subsections=on --abi=eabi --preproc_with_compile --preproc_dependency="project_main.d_raw" --cmd_file="configPkg/compiler.opt"  "../project_main.c"
"../project_main.c", line 85: warning #225-D: function "translate_morse_to_text" declared implicitly
"../project_main.c", line 98: warning #161-D: declaration is incompatible with previous "translate_morse_to_text" (declared at line 85)
"../project_main.c", line 115: warning #225-D: function "strcmp" declared implicitly
"../project_main.c", line 199: warning #112-D: statement is unreachable
Finished building: "../project_main.c"
 
making ../src/sysbios/rom_sysbios.aem3 ...
gmake[2]: Nothing to be done for 'all'.
Building target: "empty_CC2650STK_TI.out"
Invoking: Arm Linker
"/home/linuxlite/ti/ccs1040/ccs/tools/compiler/ti-cgt-arm_20.2.5.LTS/bin/armcl" -mv7M3 --code_state=16 --float_support=none -me --define=ccs -g --diag_warning=225 --diag_warning=255 --diag_wrap=off --display_error_number --gen_func_subsections=on --abi=eabi -z -m"empty_CC2650STK_TI.map" --heap_size=0 --stack_size=256 -i"/home/linuxlite/ti/ccs1040/ccs/tools/compiler/ti-cgt-arm_20.2.5.LTS/lib" -i"/home/linuxlite/ti/ccs1040/ccs/tools/compiler/ti-cgt-arm_20.2.5.LTS/include" --reread_libs --diag_wrap=off --display_error_number --warn_sections --xml_link_info="empty_CC2650STK_TI_linkInfo.xml" --rom_model -o "empty_CC2650STK_TI.out" "./CC2650STK.obj" "./project_main.obj" "./sensors/bmp280.obj" "./sensors/hdc1000.obj" "./sensors/mpu9250.obj" "./sensors/opt3001.obj" "./sensors/tmp007.obj" "../CC2650STK.cmd" -l"configPkg/linker.cmd"  -l"/home/linuxlite/ti/tirtos_cc13xx_cc26xx_2_21_01_08/products/cc26xxware_2_24_03_17272/driverlib/bin/ccs/driverlib.lib" -llibc.a 
<Linking>
Finished building target: "empty_CC2650STK_TI.out"
 

**** Build Finished ****

**** Build of configuration Debug for project empty_CC2650STK_TI ****

/home/linuxlite/ti/ccs1040/ccs/utils/bin/gmake -k -j 3 all -O 
 
making ../src/sysbios/rom_sysbios.aem3 ...
gmake[1]: Nothing to be done for 'all'.
making ../src/sysbios/rom_sysbios.aem3 ...
gmake[2]: Nothing to be done for 'all'.

**** Build Finished ****

**** Build of configuration Debug for project empty_CC2650STK_TI ****

/home/linuxlite/ti/ccs1040/ccs/utils/bin/gmake -k -j 3 all -O 
 
making ../src/sysbios/rom_sysbios.aem3 ...
gmake[1]: Nothing to be done for 'all'.
making ../src/sysbios/rom_sysbios.aem3 ...
gmake[2]: Nothing to be done for 'all'.

**** Build Finished ****

**** Build of configuration Debug for project empty_CC2650STK_TI ****

/home/linuxlite/ti/ccs1040/ccs/utils/bin/gmake -k -j 3 all -O 
 
making ../src/sysbios/rom_sysbios.aem3 ...
gmake[1]: Nothing to be done for 'all'.
making ../src/sysbios/rom_sysbios.aem3 ...
gmake[2]: Nothing to be done for 'all'.

**** Build Finished ****

**** Build of configuration Debug for project empty_CC2650STK_TI ****

/home/linuxlite/ti/ccs1040/ccs/utils/bin/gmake -k -j 3 all -O 
 
making ../src/sysbios/rom_sysbios.aem3 ...
gmake[1]: Nothing to be done for 'all'.
making ../src/sysbios/rom_sysbios.aem3 ...
gmake[2]: Nothing to be done for 'all'.

**** Build Finished ****

**** Build of configuration Debug for project empty_CC2650STK_TI ****

/home/linuxlite/ti/ccs1040/ccs/utils/bin/gmake -k -j 3 all -O 
 
making ../src/sysbios/rom_sysbios.aem3 ...
gmake[1]: Nothing to be done for 'all'.
making ../src/sysbios/rom_sysbios.aem3 ...
gmake[2]: Nothing to be done for 'all'.

**** Build Finished ****

**** Build of configuration Debug for project empty_CC2650STK_TI ****

/home/linuxlite/ti/ccs1040/ccs/utils/bin/gmake -k -j 3 all -O 
 
making ../src/sysbios/rom_sysbios.aem3 ...
gmake[1]: Nothing to be done for 'all'.
making ../src/sysbios/rom_sysbios.aem3 ...
gmake[2]: Nothing to be done for 'all'.

**** Build Finished ****

**** Build of configuration Debug for project empty_CC2650STK_TI ****

/home/linuxlite/ti/ccs1040/ccs/utils/bin/gmake -k -j 3 all -O 
 
making ../src/sysbios/rom_sysbios.aem3 ...
gmake[1]: Nothing to be done for 'all'.
making ../src/sysbios/rom_sysbios.aem3 ...
gmake[2]: Nothing to be done for 'all'.

**** Build Finished ****
